2025-04-09 16:33:57,344 - INFO - 开始人流密度监测
2025-04-09 16:33:57,346 - INFO - 监测区域: 图书馆入口, 面积: 200.0 平方米
2025-04-09 16:33:57,346 - INFO - 服务器地址: http://localhost:5000/api/density
2025-04-09 16:33:57,346 - INFO - 发送间隔: 10.0 秒
2025-04-09 16:33:57,346 - INFO - 将持续运行直到手动中断
2025-04-09 16:33:57,346 - INFO - 估计人流密度: 0.0883 人/m², 预计人数: 17.7
2025-04-09 16:33:57,346 - INFO - 正在发送数据到 http://localhost:5000/api/density...
2025-04-09 16:34:01,473 - ERROR - HTTP请求错误: HTTPConnectionPool(host='localhost', port=5000): Max retries exceeded with url: /api/density (Caused by NewConnectionError('<urllib3.connection.HTTPConnection object at 0x000002341473B4A0>: Failed to establish a new connection: [WinError 10061] 由于目标计算机积极拒绝，无法连接。'))
2025-04-09 16:34:03,879 - INFO - 用户中断，停止监测...
2025-04-09 16:34:03,879 - INFO - 监测结束. 发送统计: 成功 0/1 (0.0%)
2025-04-09 16:41:53,339 - INFO - 开始人流密度监测
2025-04-09 16:41:53,339 - INFO - 监测区域: 图书馆入口, 面积: 200.0 平方米
2025-04-09 16:41:53,339 - INFO - 服务器地址: http://localhost:5000/api/density
2025-04-09 16:41:53,340 - INFO - 发送间隔: 10.0 秒
2025-04-09 16:41:53,340 - INFO - 将持续运行直到手动中断
2025-04-09 16:41:53,340 - INFO - 估计人流密度: 0.1000 人/m², 预计人数: 20.0
2025-04-09 16:41:53,340 - INFO - 正在发送数据到 http://localhost:5000/api/density...
2025-04-09 16:41:57,443 - ERROR - HTTP请求错误: HTTPConnectionPool(host='localhost', port=5000): Max retries exceeded with url: /api/density (Caused by NewConnectionError('<urllib3.connection.HTTPConnection object at 0x000001DC2429B770>: Failed to establish a new connection: [WinError 10061] 由于目标计算机积极拒绝，无法连接。'))
2025-04-09 16:44:33,903 - INFO - 开始人流密度监测
2025-04-09 16:44:33,904 - INFO - 监测区域: 图书馆入口, 面积: 200.0 平方米
2025-04-09 16:44:33,904 - INFO - 服务器地址: http://localhost:5000/api/density
2025-04-09 16:44:33,904 - INFO - 发送间隔: 10.0 秒
2025-04-09 16:44:33,904 - INFO - 将持续运行直到手动中断
2025-04-09 16:44:33,904 - INFO - 估计人流密度: 0.0064 人/m², 预计人数: 1.3
2025-04-09 16:44:33,904 - INFO - 正在发送数据到 http://localhost:5000/api/density...
2025-04-09 16:44:37,977 - ERROR - HTTP请求错误: HTTPConnectionPool(host='localhost', port=5000): Max retries exceeded with url: /api/density (Caused by NewConnectionError('<urllib3.connection.HTTPConnection object at 0x0000028A77E3B6B0>: Failed to establish a new connection: [WinError 10061] 由于目标计算机积极拒绝，无法连接。'))
2025-04-09 16:44:43,905 - INFO - 估计人流密度: 0.0502 人/m², 预计人数: 10.0
2025-04-09 16:44:43,905 - INFO - 正在发送数据到 http://localhost:5000/api/density...
2025-04-09 16:44:45,958 - INFO - 用户中断，停止监测...
2025-04-09 16:44:45,959 - INFO - 监测结束. 发送统计: 成功 0/1 (0.0%)
2025-04-09 16:45:31,483 - INFO - 开始人流密度监测
2025-04-09 16:45:31,483 - INFO - 监测区域: 图书馆入口, 面积: 200.0 平方米
2025-04-09 16:45:31,483 - INFO - 服务器地址: http://localhost:5000/api/density
2025-04-09 16:45:31,483 - INFO - 发送间隔: 10.0 秒
2025-04-09 16:45:31,483 - INFO - 将持续运行直到手动中断
2025-04-09 16:45:31,483 - INFO - 估计人流密度: 0.0594 人/m², 预计人数: 11.9
2025-04-09 16:45:31,484 - INFO - 正在发送数据到 http://localhost:5000/api/density...
2025-04-09 16:45:57,707 - INFO - 开始人流密度监测
2025-04-09 16:45:57,707 - INFO - 监测区域: 图书馆入口, 面积: 200.0 平方米
2025-04-09 16:45:57,707 - INFO - 服务器地址: http://localhost:5000/api/density
2025-04-09 16:45:57,708 - INFO - 发送间隔: 10.0 秒
2025-04-09 16:45:57,708 - INFO - 将持续运行直到手动中断
2025-04-09 16:45:57,708 - INFO - 估计人流密度: 0.0512 人/m², 预计人数: 10.2
2025-04-09 16:45:57,708 - INFO - 正在发送数据到 http://localhost:5000/api/density...
2025-04-09 16:46:01,833 - ERROR - HTTP请求错误: HTTPConnectionPool(host='localhost', port=5000): Max retries exceeded with url: /api/density (Caused by NewConnectionError('<urllib3.connection.HTTPConnection object at 0x0000016D3480B560>: Failed to establish a new connection: [WinError 10061] 由于目标计算机积极拒绝，无法连接。'))
2025-04-09 16:46:07,709 - INFO - 估计人流密度: 0.0895 人/m², 预计人数: 17.9
2025-04-09 16:46:07,709 - INFO - 正在发送数据到 http://localhost:5000/api/density...
2025-04-09 16:46:11,786 - ERROR - HTTP请求错误: HTTPConnectionPool(host='localhost', port=5000): Max retries exceeded with url: /api/density (Caused by NewConnectionError('<urllib3.connection.HTTPConnection object at 0x0000016D3480BD40>: Failed to establish a new connection: [WinError 10061] 由于目标计算机积极拒绝，无法连接。'))
2025-04-09 16:46:17,709 - INFO - 估计人流密度: 0.0692 人/m², 预计人数: 13.8
2025-04-09 16:46:17,709 - INFO - 正在发送数据到 http://localhost:5000/api/density...
2025-04-09 16:46:19,758 - INFO - 数据发送成功!
2025-04-09 16:46:27,710 - INFO - 估计人流密度: 0.0858 人/m², 预计人数: 17.2
2025-04-09 16:46:27,710 - INFO - 正在发送数据到 http://localhost:5000/api/density...
2025-04-09 16:46:29,790 - INFO - 数据发送成功!
2025-04-09 16:46:37,710 - INFO - 估计人流密度: 0.0506 人/m², 预计人数: 10.1
2025-04-09 16:46:37,710 - INFO - 正在发送数据到 http://localhost:5000/api/density...
2025-04-09 16:46:39,746 - INFO - 数据发送成功!
2025-04-09 16:46:47,711 - INFO - 估计人流密度: 0.0790 人/m², 预计人数: 15.8
2025-04-09 16:46:47,711 - INFO - 正在发送数据到 http://localhost:5000/api/density...
2025-04-09 16:46:49,780 - INFO - 数据发送成功!
2025-04-09 16:46:57,712 - INFO - 估计人流密度: 0.0712 人/m², 预计人数: 14.2
2025-04-09 16:46:57,712 - INFO - 正在发送数据到 http://localhost:5000/api/density...
2025-04-09 16:46:59,749 - INFO - 数据发送成功!
2025-04-09 16:47:07,713 - INFO - 估计人流密度: 0.0669 人/m², 预计人数: 13.4
2025-04-09 16:47:07,713 - INFO - 正在发送数据到 http://localhost:5000/api/density...
2025-04-09 16:47:09,786 - INFO - 数据发送成功!
2025-04-09 16:47:17,713 - INFO - 估计人流密度: 0.0832 人/m², 预计人数: 16.6
2025-04-09 16:47:17,713 - INFO - 正在发送数据到 http://localhost:5000/api/density...
2025-04-09 16:47:19,778 - INFO - 数据发送成功!
2025-04-09 16:47:27,714 - INFO - 估计人流密度: 0.0109 人/m², 预计人数: 2.2
2025-04-09 16:47:27,714 - INFO - 正在发送数据到 http://localhost:5000/api/density...
2025-04-09 16:47:29,781 - INFO - 数据发送成功!
2025-04-09 16:47:37,715 - INFO - 估计人流密度: 0.0528 人/m², 预计人数: 10.6
2025-04-09 16:47:37,715 - INFO - 正在发送数据到 http://localhost:5000/api/density...
2025-04-09 16:47:39,782 - INFO - 数据发送成功!
2025-04-09 16:47:47,715 - INFO - 估计人流密度: 0.0909 人/m², 预计人数: 18.2
2025-04-09 16:47:47,715 - INFO - 正在发送数据到 http://localhost:5000/api/density...
2025-04-09 16:47:49,771 - INFO - 数据发送成功!
2025-04-09 16:47:57,716 - INFO - 估计人流密度: 0.0745 人/m², 预计人数: 14.9
2025-04-09 16:47:57,716 - INFO - 正在发送数据到 http://localhost:5000/api/density...
2025-04-09 16:47:59,772 - INFO - 数据发送成功!
2025-04-09 16:48:07,718 - INFO - 估计人流密度: 0.0541 人/m², 预计人数: 10.8
2025-04-09 16:48:07,718 - INFO - 正在发送数据到 http://localhost:5000/api/density...
2025-04-09 16:48:09,766 - INFO - 数据发送成功!
2025-04-09 16:48:17,719 - INFO - 估计人流密度: 0.0665 人/m², 预计人数: 13.3
2025-04-09 16:48:17,720 - INFO - 正在发送数据到 http://localhost:5000/api/density...
2025-04-09 16:48:19,786 - INFO - 数据发送成功!
2025-04-09 16:48:27,721 - INFO - 估计人流密度: 0.0883 人/m², 预计人数: 17.7
2025-04-09 16:48:27,721 - INFO - 正在发送数据到 http://localhost:5000/api/density...
2025-04-09 16:48:29,793 - INFO - 数据发送成功!
2025-04-09 16:48:37,722 - INFO - 估计人流密度: 0.0789 人/m², 预计人数: 15.8
2025-04-09 16:48:37,722 - INFO - 正在发送数据到 http://localhost:5000/api/density...
2025-04-09 16:48:39,786 - INFO - 数据发送成功!
2025-04-09 16:48:47,723 - INFO - 估计人流密度: 0.0922 人/m², 预计人数: 18.4
2025-04-09 16:48:47,723 - INFO - 正在发送数据到 http://localhost:5000/api/density...
2025-04-09 16:48:49,776 - INFO - 数据发送成功!
2025-04-09 16:48:57,723 - INFO - 估计人流密度: 0.0846 人/m², 预计人数: 16.9
2025-04-09 16:48:57,723 - INFO - 正在发送数据到 http://localhost:5000/api/density...
2025-04-09 16:48:59,757 - INFO - 数据发送成功!
2025-04-09 16:49:07,724 - INFO - 估计人流密度: 0.0591 人/m², 预计人数: 11.8
2025-04-09 16:49:07,724 - INFO - 正在发送数据到 http://localhost:5000/api/density...
2025-04-09 16:49:09,785 - INFO - 数据发送成功!
2025-04-09 16:49:17,725 - INFO - 估计人流密度: 0.0923 人/m², 预计人数: 18.5
2025-04-09 16:49:17,725 - INFO - 正在发送数据到 http://localhost:5000/api/density...
2025-04-09 16:49:19,787 - INFO - 数据发送成功!
2025-04-09 16:49:27,726 - INFO - 估计人流密度: 0.0302 人/m², 预计人数: 6.0
2025-04-09 16:49:27,726 - INFO - 正在发送数据到 http://localhost:5000/api/density...
2025-04-09 16:49:29,776 - INFO - 数据发送成功!
2025-04-09 16:49:37,727 - INFO - 估计人流密度: 0.0548 人/m², 预计人数: 11.0
2025-04-09 16:49:37,727 - INFO - 正在发送数据到 http://localhost:5000/api/density...
2025-04-09 16:49:39,777 - INFO - 数据发送成功!
2025-04-09 16:49:47,728 - INFO - 估计人流密度: 0.0887 人/m², 预计人数: 17.7
2025-04-09 16:49:47,728 - INFO - 正在发送数据到 http://localhost:5000/api/density...
2025-04-09 16:49:49,795 - INFO - 数据发送成功!
2025-04-09 16:49:57,729 - INFO - 估计人流密度: 0.0995 人/m², 预计人数: 19.9
2025-04-09 16:49:57,729 - INFO - 正在发送数据到 http://localhost:5000/api/density...
2025-04-09 16:49:59,774 - INFO - 数据发送成功!
2025-04-09 16:50:07,730 - INFO - 估计人流密度: 0.0312 人/m², 预计人数: 6.2
2025-04-09 16:50:07,730 - INFO - 正在发送数据到 http://localhost:5000/api/density...
2025-04-09 16:50:09,780 - INFO - 数据发送成功!
2025-04-09 16:50:17,731 - INFO - 估计人流密度: 0.0721 人/m², 预计人数: 14.4
2025-04-09 16:50:17,731 - INFO - 正在发送数据到 http://localhost:5000/api/density...
2025-04-09 16:50:19,785 - INFO - 数据发送成功!
2025-04-09 16:50:27,731 - INFO - 估计人流密度: 0.0643 人/m², 预计人数: 12.9
2025-04-09 16:50:27,731 - INFO - 正在发送数据到 http://localhost:5000/api/density...
2025-04-09 16:50:29,779 - INFO - 数据发送成功!
2025-04-09 16:50:37,732 - INFO - 估计人流密度: 0.0193 人/m², 预计人数: 3.9
2025-04-09 16:50:37,732 - INFO - 正在发送数据到 http://localhost:5000/api/density...
2025-04-09 16:50:39,802 - INFO - 数据发送成功!
2025-04-09 16:50:47,733 - INFO - 估计人流密度: 0.0017 人/m², 预计人数: 0.3
2025-04-09 16:50:47,733 - INFO - 正在发送数据到 http://localhost:5000/api/density...
2025-04-09 16:50:49,791 - INFO - 数据发送成功!
2025-04-09 16:50:57,734 - INFO - 估计人流密度: 0.0417 人/m², 预计人数: 8.3
2025-04-09 16:50:57,734 - INFO - 正在发送数据到 http://localhost:5000/api/density...
2025-04-09 16:50:59,801 - INFO - 数据发送成功!
2025-04-09 16:51:07,735 - INFO - 估计人流密度: 0.0337 人/m², 预计人数: 6.7
2025-04-09 16:51:07,735 - INFO - 正在发送数据到 http://localhost:5000/api/density...
2025-04-09 16:51:09,788 - INFO - 数据发送成功!
2025-04-09 16:51:17,736 - INFO - 估计人流密度: 0.0774 人/m², 预计人数: 15.5
2025-04-09 16:51:17,736 - INFO - 正在发送数据到 http://localhost:5000/api/density...
2025-04-09 16:51:19,787 - INFO - 数据发送成功!
2025-04-09 16:51:27,737 - INFO - 估计人流密度: 0.0899 人/m², 预计人数: 18.0
2025-04-09 16:51:27,737 - INFO - 正在发送数据到 http://localhost:5000/api/density...
2025-04-09 16:51:29,799 - INFO - 数据发送成功!
2025-04-09 16:51:37,738 - INFO - 估计人流密度: 0.0374 人/m², 预计人数: 7.5
2025-04-09 16:51:37,738 - INFO - 正在发送数据到 http://localhost:5000/api/density...
2025-04-09 16:51:39,776 - INFO - 数据发送成功!
2025-04-09 16:51:47,739 - INFO - 估计人流密度: 0.0605 人/m², 预计人数: 12.1
2025-04-09 16:51:47,739 - INFO - 正在发送数据到 http://localhost:5000/api/density...
2025-04-09 16:51:49,795 - INFO - 数据发送成功!
2025-04-09 16:51:57,740 - INFO - 估计人流密度: 0.0923 人/m², 预计人数: 18.5
2025-04-09 16:51:57,740 - INFO - 正在发送数据到 http://localhost:5000/api/density...
2025-04-09 16:51:59,772 - INFO - 数据发送成功!
2025-04-09 16:52:07,740 - INFO - 估计人流密度: 0.1010 人/m², 预计人数: 20.2
2025-04-09 16:52:07,741 - INFO - 正在发送数据到 http://localhost:5000/api/density...
2025-04-09 16:52:09,785 - INFO - 数据发送成功!
2025-04-09 16:52:17,741 - INFO - 估计人流密度: 0.1149 人/m², 预计人数: 23.0
2025-04-09 16:52:17,741 - INFO - 正在发送数据到 http://localhost:5000/api/density...
2025-04-09 16:52:19,790 - INFO - 数据发送成功!
2025-04-09 16:52:27,742 - INFO - 估计人流密度: 0.1287 人/m², 预计人数: 25.7
2025-04-09 16:52:27,742 - INFO - 正在发送数据到 http://localhost:5000/api/density...
2025-04-09 16:52:29,791 - INFO - 数据发送成功!
2025-04-09 16:52:37,744 - INFO - 估计人流密度: 0.0840 人/m², 预计人数: 16.8
2025-04-09 16:52:37,744 - INFO - 正在发送数据到 http://localhost:5000/api/density...
2025-04-09 16:52:39,820 - INFO - 数据发送成功!
2025-04-09 16:52:47,744 - INFO - 估计人流密度: 0.0734 人/m², 预计人数: 14.7
2025-04-09 16:52:47,745 - INFO - 正在发送数据到 http://localhost:5000/api/density...
2025-04-09 16:52:49,793 - INFO - 数据发送成功!
2025-04-09 16:52:57,744 - INFO - 估计人流密度: 0.1069 人/m², 预计人数: 21.4
2025-04-09 16:52:57,744 - INFO - 正在发送数据到 http://localhost:5000/api/density...
2025-04-09 16:52:59,773 - INFO - 数据发送成功!
2025-04-09 16:53:07,745 - INFO - 估计人流密度: 0.1127 人/m², 预计人数: 22.5
2025-04-09 16:53:07,745 - INFO - 正在发送数据到 http://localhost:5000/api/density...
2025-04-09 16:53:09,814 - INFO - 数据发送成功!
2025-04-09 16:53:17,747 - INFO - 估计人流密度: 0.0957 人/m², 预计人数: 19.1
2025-04-09 16:53:17,747 - INFO - 正在发送数据到 http://localhost:5000/api/density...
2025-04-09 16:53:19,804 - INFO - 数据发送成功!
2025-04-09 16:53:27,747 - INFO - 估计人流密度: 0.0929 人/m², 预计人数: 18.6
2025-04-09 16:53:27,747 - INFO - 正在发送数据到 http://localhost:5000/api/density...
2025-04-09 16:53:29,804 - INFO - 数据发送成功!
2025-04-09 16:53:37,748 - INFO - 估计人流密度: 0.1150 人/m², 预计人数: 23.0
2025-04-09 16:53:37,748 - INFO - 正在发送数据到 http://localhost:5000/api/density...
2025-04-09 16:53:39,814 - INFO - 数据发送成功!
2025-04-09 16:53:47,748 - INFO - 估计人流密度: 0.0819 人/m², 预计人数: 16.4
2025-04-09 16:53:47,748 - INFO - 正在发送数据到 http://localhost:5000/api/density...
2025-04-09 16:53:49,813 - INFO - 数据发送成功!
2025-04-09 16:53:57,749 - INFO - 估计人流密度: 0.1049 人/m², 预计人数: 21.0
2025-04-09 16:53:57,749 - INFO - 正在发送数据到 http://localhost:5000/api/density...
2025-04-09 16:53:59,796 - INFO - 数据发送成功!
2025-04-09 16:54:07,749 - INFO - 估计人流密度: 0.1224 人/m², 预计人数: 24.5
2025-04-09 16:54:07,749 - INFO - 正在发送数据到 http://localhost:5000/api/density...
2025-04-09 16:54:09,779 - INFO - 数据发送成功!
2025-04-09 16:54:17,750 - INFO - 估计人流密度: 0.0972 人/m², 预计人数: 19.4
2025-04-09 16:54:17,750 - INFO - 正在发送数据到 http://localhost:5000/api/density...
2025-04-09 16:54:19,799 - INFO - 数据发送成功!
2025-04-09 16:54:27,750 - INFO - 估计人流密度: 0.0972 人/m², 预计人数: 19.4
2025-04-09 16:54:27,750 - INFO - 正在发送数据到 http://localhost:5000/api/density...
2025-04-09 16:54:29,816 - INFO - 数据发送成功!
2025-04-09 16:54:37,751 - INFO - 估计人流密度: 0.0825 人/m², 预计人数: 16.5
2025-04-09 16:54:37,751 - INFO - 正在发送数据到 http://localhost:5000/api/density...
2025-04-09 16:54:39,814 - INFO - 数据发送成功!
2025-04-09 16:54:47,752 - INFO - 估计人流密度: 0.0709 人/m², 预计人数: 14.2
2025-04-09 16:54:47,752 - INFO - 正在发送数据到 http://localhost:5000/api/density...
2025-04-09 16:54:49,798 - INFO - 数据发送成功!
2025-04-09 16:54:57,753 - INFO - 估计人流密度: 0.0758 人/m², 预计人数: 15.2
2025-04-09 16:54:57,753 - INFO - 正在发送数据到 http://localhost:5000/api/density...
2025-04-09 16:54:59,804 - INFO - 数据发送成功!
2025-04-09 16:55:07,754 - INFO - 估计人流密度: 0.0848 人/m², 预计人数: 17.0
2025-04-09 16:55:07,754 - INFO - 正在发送数据到 http://localhost:5000/api/density...
2025-04-09 16:55:09,832 - INFO - 数据发送成功!
2025-04-09 16:55:17,755 - INFO - 估计人流密度: 0.0447 人/m², 预计人数: 8.9
2025-04-09 16:55:17,755 - INFO - 正在发送数据到 http://localhost:5000/api/density...
2025-04-09 16:55:19,815 - INFO - 数据发送成功!
2025-04-09 16:55:35,681 - INFO - 开始人流密度监测
2025-04-09 16:55:35,681 - INFO - 监测区域: 图书馆入口, 面积: 200.0 平方米
2025-04-09 16:55:35,681 - INFO - 服务器地址: http://localhost:5000/api/density
2025-04-09 16:55:35,681 - INFO - 发送间隔: 10.0 秒
2025-04-09 16:55:35,681 - INFO - 将持续运行直到手动中断
2025-04-09 16:55:35,682 - INFO - 估计人流密度: 0.0576 人/m², 预计人数: 11.5
2025-04-09 16:55:35,682 - INFO - 正在发送数据到 http://localhost:5000/api/density...
2025-04-09 16:55:39,774 - ERROR - HTTP请求错误: HTTPConnectionPool(host='localhost', port=5000): Max retries exceeded with url: /api/density (Caused by NewConnectionError('<urllib3.connection.HTTPConnection object at 0x00000241BB4AB590>: Failed to establish a new connection: [WinError 10061] 由于目标计算机积极拒绝，无法连接。'))
2025-04-09 16:55:45,682 - INFO - 估计人流密度: 0.1010 人/m², 预计人数: 20.2
2025-04-09 16:55:45,682 - INFO - 正在发送数据到 http://localhost:5000/api/density...
2025-04-09 16:55:47,764 - INFO - 数据发送成功!
2025-04-09 16:55:55,683 - INFO - 估计人流密度: 0.0653 人/m², 预计人数: 13.1
2025-04-09 16:55:55,683 - INFO - 正在发送数据到 http://localhost:5000/api/density...
2025-04-09 16:55:57,733 - INFO - 数据发送成功!
2025-04-09 16:56:05,684 - INFO - 估计人流密度: 0.0911 人/m², 预计人数: 18.2
2025-04-09 16:56:05,684 - INFO - 正在发送数据到 http://localhost:5000/api/density...
2025-04-09 16:56:07,745 - INFO - 数据发送成功!
2025-04-09 16:56:15,685 - INFO - 估计人流密度: 0.0912 人/m², 预计人数: 18.2
2025-04-09 16:56:15,685 - INFO - 正在发送数据到 http://localhost:5000/api/density...
2025-04-09 16:56:17,726 - INFO - 数据发送成功!
2025-04-09 16:56:25,685 - INFO - 估计人流密度: 0.0827 人/m², 预计人数: 16.5
2025-04-09 16:56:25,685 - INFO - 正在发送数据到 http://localhost:5000/api/density...
2025-04-09 16:56:27,775 - INFO - 数据发送成功!
2025-04-09 16:56:35,686 - INFO - 估计人流密度: 0.1075 人/m², 预计人数: 21.5
2025-04-09 16:56:35,686 - INFO - 正在发送数据到 http://localhost:5000/api/density...
2025-04-09 16:56:37,761 - INFO - 数据发送成功!
2025-04-09 16:56:45,687 - INFO - 估计人流密度: 0.1296 人/m², 预计人数: 25.9
2025-04-09 16:56:45,687 - INFO - 正在发送数据到 http://localhost:5000/api/density...
2025-04-09 16:56:47,764 - INFO - 数据发送成功!
2025-04-09 16:56:55,689 - INFO - 估计人流密度: 0.0733 人/m², 预计人数: 14.7
2025-04-09 16:56:55,689 - INFO - 正在发送数据到 http://localhost:5000/api/density...
2025-04-09 16:56:57,716 - INFO - 数据发送成功!
2025-04-09 16:57:05,689 - INFO - 估计人流密度: 0.0811 人/m², 预计人数: 16.2
2025-04-09 16:57:05,689 - INFO - 正在发送数据到 http://localhost:5000/api/density...
2025-04-09 16:57:07,756 - INFO - 数据发送成功!
2025-04-09 16:57:15,691 - INFO - 估计人流密度: 0.0909 人/m², 预计人数: 18.2
2025-04-09 16:57:15,691 - INFO - 正在发送数据到 http://localhost:5000/api/density...
2025-04-09 16:57:17,730 - INFO - 数据发送成功!
2025-04-09 16:57:25,692 - INFO - 估计人流密度: 0.0791 人/m², 预计人数: 15.8
2025-04-09 16:57:25,692 - INFO - 正在发送数据到 http://localhost:5000/api/density...
2025-04-09 16:57:27,754 - INFO - 数据发送成功!
2025-04-09 16:57:35,693 - INFO - 估计人流密度: 0.1137 人/m², 预计人数: 22.7
2025-04-09 16:57:35,693 - INFO - 正在发送数据到 http://localhost:5000/api/density...
2025-04-09 16:57:37,746 - INFO - 数据发送成功!
2025-04-09 16:57:45,694 - INFO - 估计人流密度: 0.0689 人/m², 预计人数: 13.8
2025-04-09 16:57:45,694 - INFO - 正在发送数据到 http://localhost:5000/api/density...
2025-04-09 16:57:47,778 - INFO - 数据发送成功!
2025-04-09 16:57:55,694 - INFO - 估计人流密度: 0.0476 人/m², 预计人数: 9.5
2025-04-09 16:57:55,694 - INFO - 正在发送数据到 http://localhost:5000/api/density...
2025-04-09 16:57:57,755 - INFO - 数据发送成功!
2025-04-09 16:58:05,694 - INFO - 估计人流密度: 0.0305 人/m², 预计人数: 6.1
2025-04-09 16:58:05,694 - INFO - 正在发送数据到 http://localhost:5000/api/density...
2025-04-09 16:58:07,746 - INFO - 数据发送成功!
2025-04-09 16:58:15,696 - INFO - 估计人流密度: 0.0021 人/m², 预计人数: 0.4
2025-04-09 16:58:15,696 - INFO - 正在发送数据到 http://localhost:5000/api/density...
2025-04-09 16:58:17,744 - INFO - 数据发送成功!
2025-04-09 16:58:25,697 - INFO - 估计人流密度: 0.0417 人/m², 预计人数: 8.3
2025-04-09 16:58:25,697 - INFO - 正在发送数据到 http://localhost:5000/api/density...
2025-04-09 16:58:27,711 - INFO - 数据发送成功!
2025-04-09 16:58:35,697 - INFO - 估计人流密度: 0.0550 人/m², 预计人数: 11.0
2025-04-09 16:58:35,697 - INFO - 正在发送数据到 http://localhost:5000/api/density...
2025-04-09 16:58:37,779 - INFO - 数据发送成功!
2025-04-09 16:58:45,697 - INFO - 估计人流密度: 0.0703 人/m², 预计人数: 14.1
2025-04-09 16:58:45,697 - INFO - 正在发送数据到 http://localhost:5000/api/density...
2025-04-09 16:58:47,763 - INFO - 数据发送成功!
2025-04-09 16:58:55,698 - INFO - 估计人流密度: 0.1056 人/m², 预计人数: 21.1
2025-04-09 16:58:55,698 - INFO - 正在发送数据到 http://localhost:5000/api/density...
2025-04-09 16:58:57,742 - INFO - 数据发送成功!
2025-04-09 16:59:05,698 - INFO - 估计人流密度: 0.0720 人/m², 预计人数: 14.4
2025-04-09 16:59:05,698 - INFO - 正在发送数据到 http://localhost:5000/api/density...
2025-04-09 16:59:07,734 - INFO - 数据发送成功!
2025-04-09 16:59:15,699 - INFO - 估计人流密度: 0.0627 人/m², 预计人数: 12.5
2025-04-09 16:59:15,699 - INFO - 正在发送数据到 http://localhost:5000/api/density...
2025-04-09 16:59:17,747 - INFO - 数据发送成功!
2025-04-09 16:59:25,700 - INFO - 估计人流密度: 0.0701 人/m², 预计人数: 14.0
2025-04-09 16:59:25,700 - INFO - 正在发送数据到 http://localhost:5000/api/density...
2025-04-09 16:59:27,740 - INFO - 数据发送成功!
2025-04-09 16:59:35,701 - INFO - 估计人流密度: 0.0876 人/m², 预计人数: 17.5
2025-04-09 16:59:35,701 - INFO - 正在发送数据到 http://localhost:5000/api/density...
2025-04-09 16:59:37,776 - INFO - 数据发送成功!
2025-04-09 16:59:45,702 - INFO - 估计人流密度: 0.0426 人/m², 预计人数: 8.5
2025-04-09 16:59:45,702 - INFO - 正在发送数据到 http://localhost:5000/api/density...
2025-04-09 16:59:47,755 - INFO - 数据发送成功!
2025-04-09 16:59:55,703 - INFO - 估计人流密度: 0.0749 人/m², 预计人数: 15.0
2025-04-09 16:59:55,703 - INFO - 正在发送数据到 http://localhost:5000/api/density...
2025-04-09 16:59:57,741 - INFO - 数据发送成功!
2025-04-09 17:00:05,704 - INFO - 估计人流密度: 0.0897 人/m², 预计人数: 17.9
2025-04-09 17:00:05,704 - INFO - 正在发送数据到 http://localhost:5000/api/density...
2025-04-09 17:00:07,767 - INFO - 数据发送成功!
2025-04-09 17:00:15,705 - INFO - 估计人流密度: 0.0113 人/m², 预计人数: 2.3
2025-04-09 17:00:15,705 - INFO - 正在发送数据到 http://localhost:5000/api/density...
2025-04-09 17:00:17,754 - INFO - 数据发送成功!
2025-04-09 17:00:25,706 - INFO - 估计人流密度: 0.0499 人/m², 预计人数: 10.0
2025-04-09 17:00:25,706 - INFO - 正在发送数据到 http://localhost:5000/api/density...
2025-04-09 17:00:27,756 - INFO - 数据发送成功!
2025-04-09 17:00:35,707 - INFO - 估计人流密度: 0.0367 人/m², 预计人数: 7.3
2025-04-09 17:00:35,707 - INFO - 正在发送数据到 http://localhost:5000/api/density...
2025-04-09 17:00:37,754 - INFO - 数据发送成功!
2025-04-09 17:00:45,708 - INFO - 估计人流密度: 0.0532 人/m², 预计人数: 10.6
2025-04-09 17:00:45,708 - INFO - 正在发送数据到 http://localhost:5000/api/density...
2025-04-09 17:00:47,758 - INFO - 数据发送成功!
2025-04-09 17:00:55,708 - INFO - 估计人流密度: 0.0771 人/m², 预计人数: 15.4
2025-04-09 17:00:55,708 - INFO - 正在发送数据到 http://localhost:5000/api/density...
2025-04-09 17:00:57,740 - INFO - 数据发送成功!
2025-04-09 17:01:05,710 - INFO - 估计人流密度: 0.0175 人/m², 预计人数: 3.5
2025-04-09 17:01:05,710 - INFO - 正在发送数据到 http://localhost:5000/api/density...
2025-04-09 17:01:07,750 - INFO - 数据发送成功!
2025-04-09 17:01:15,710 - INFO - 估计人流密度: 0.0606 人/m², 预计人数: 12.1
2025-04-09 17:01:15,710 - INFO - 正在发送数据到 http://localhost:5000/api/density...
2025-04-09 17:01:17,743 - INFO - 数据发送成功!
2025-04-09 17:01:25,711 - INFO - 估计人流密度: 0.0935 人/m², 预计人数: 18.7
2025-04-09 17:01:25,711 - INFO - 正在发送数据到 http://localhost:5000/api/density...
2025-04-09 17:01:27,758 - INFO - 数据发送成功!
2025-04-09 17:01:35,712 - INFO - 估计人流密度: 0.0829 人/m², 预计人数: 16.6
2025-04-09 17:01:35,712 - INFO - 正在发送数据到 http://localhost:5000/api/density...
2025-04-09 17:01:37,763 - INFO - 数据发送成功!
2025-04-09 17:01:45,712 - INFO - 估计人流密度: 0.0979 人/m², 预计人数: 19.6
2025-04-09 17:01:45,712 - INFO - 正在发送数据到 http://localhost:5000/api/density...
2025-04-09 17:01:47,774 - INFO - 数据发送成功!
2025-04-09 17:01:55,714 - INFO - 估计人流密度: 0.0750 人/m², 预计人数: 15.0
2025-04-09 17:01:55,714 - INFO - 正在发送数据到 http://localhost:5000/api/density...
2025-04-09 17:01:57,775 - INFO - 数据发送成功!
2025-04-09 17:02:05,715 - INFO - 估计人流密度: 0.0108 人/m², 预计人数: 2.2
2025-04-09 17:02:05,715 - INFO - 正在发送数据到 http://localhost:5000/api/density...
2025-04-09 17:02:07,771 - INFO - 数据发送成功!
2025-04-09 17:02:15,716 - INFO - 估计人流密度: 0.0417 人/m², 预计人数: 8.3
2025-04-09 17:02:15,716 - INFO - 正在发送数据到 http://localhost:5000/api/density...
2025-04-09 17:02:17,756 - INFO - 数据发送成功!
2025-04-09 17:02:25,717 - INFO - 估计人流密度: 0.0520 人/m², 预计人数: 10.4
2025-04-09 17:02:25,717 - INFO - 正在发送数据到 http://localhost:5000/api/density...
2025-04-09 17:02:27,768 - INFO - 数据发送成功!
2025-04-09 17:02:35,719 - INFO - 估计人流密度: 0.0613 人/m², 预计人数: 12.3
2025-04-09 17:02:35,719 - INFO - 正在发送数据到 http://localhost:5000/api/density...
2025-04-09 17:02:37,777 - INFO - 数据发送成功!
2025-04-09 17:02:45,719 - INFO - 估计人流密度: 0.0189 人/m², 预计人数: 3.8
2025-04-09 17:02:45,719 - INFO - 正在发送数据到 http://localhost:5000/api/density...
2025-04-09 17:02:47,786 - INFO - 数据发送成功!
2025-04-09 17:02:55,719 - INFO - 估计人流密度: 0.0434 人/m², 预计人数: 8.7
2025-04-09 17:02:55,719 - INFO - 正在发送数据到 http://localhost:5000/api/density...
2025-04-09 17:02:57,786 - INFO - 数据发送成功!
2025-04-09 17:03:05,720 - INFO - 估计人流密度: 0.0682 人/m², 预计人数: 13.6
2025-04-09 17:03:05,721 - INFO - 正在发送数据到 http://localhost:5000/api/density...
2025-04-09 17:03:07,787 - INFO - 数据发送成功!
2025-04-09 17:03:15,721 - INFO - 估计人流密度: 0.1018 人/m², 预计人数: 20.4
2025-04-09 17:03:15,721 - INFO - 正在发送数据到 http://localhost:5000/api/density...
2025-04-09 17:03:17,793 - INFO - 数据发送成功!
2025-04-09 17:03:25,721 - INFO - 估计人流密度: 0.0461 人/m², 预计人数: 9.2
2025-04-09 17:03:25,721 - INFO - 正在发送数据到 http://localhost:5000/api/density...
2025-04-09 17:03:28,709 - INFO - 数据发送成功!
2025-04-09 17:03:35,722 - INFO - 估计人流密度: 0.0646 人/m², 预计人数: 12.9
2025-04-09 17:03:35,723 - INFO - 正在发送数据到 http://localhost:5000/api/density...
2025-04-09 17:03:38,697 - INFO - 数据发送成功!
2025-04-09 17:03:45,722 - INFO - 估计人流密度: 0.0171 人/m², 预计人数: 3.4
2025-04-09 17:03:45,722 - INFO - 正在发送数据到 http://localhost:5000/api/density...
2025-04-09 17:03:47,789 - INFO - 数据发送成功!
2025-04-09 17:03:55,723 - INFO - 估计人流密度: 0.0568 人/m², 预计人数: 11.4
2025-04-09 17:03:55,723 - INFO - 正在发送数据到 http://localhost:5000/api/density...
2025-04-09 17:03:57,765 - INFO - 数据发送成功!
2025-04-09 17:04:05,723 - INFO - 估计人流密度: 0.0576 人/m², 预计人数: 11.5
2025-04-09 17:04:05,723 - INFO - 正在发送数据到 http://localhost:5000/api/density...
2025-04-09 17:04:07,780 - INFO - 数据发送成功!
2025-04-09 17:04:15,724 - INFO - 估计人流密度: 0.0797 人/m², 预计人数: 15.9
2025-04-09 17:04:15,724 - INFO - 正在发送数据到 http://localhost:5000/api/density...
2025-04-09 17:04:17,767 - INFO - 数据发送成功!
2025-04-09 17:04:25,725 - INFO - 估计人流密度: 0.0991 人/m², 预计人数: 19.8
2025-04-09 17:04:25,725 - INFO - 正在发送数据到 http://localhost:5000/api/density...
2025-04-09 17:04:27,760 - INFO - 数据发送成功!
2025-04-09 17:04:35,726 - INFO - 估计人流密度: 0.1287 人/m², 预计人数: 25.7
2025-04-09 17:04:35,726 - INFO - 正在发送数据到 http://localhost:5000/api/density...
2025-04-09 17:04:37,793 - INFO - 数据发送成功!
2025-04-09 17:04:45,727 - INFO - 估计人流密度: 0.0816 人/m², 预计人数: 16.3
2025-04-09 17:04:45,727 - INFO - 正在发送数据到 http://localhost:5000/api/density...
2025-04-09 17:04:47,778 - INFO - 数据发送成功!
2025-04-09 17:04:55,727 - INFO - 估计人流密度: 0.1070 人/m², 预计人数: 21.4
2025-04-09 17:04:55,727 - INFO - 正在发送数据到 http://localhost:5000/api/density...
2025-04-09 17:04:57,769 - INFO - 数据发送成功!
2025-04-09 17:05:05,728 - INFO - 估计人流密度: 0.0698 人/m², 预计人数: 14.0
2025-04-09 17:05:05,728 - INFO - 正在发送数据到 http://localhost:5000/api/density...
2025-04-09 17:05:07,796 - INFO - 数据发送成功!
2025-04-09 17:05:15,729 - INFO - 估计人流密度: 0.0895 人/m², 预计人数: 17.9
2025-04-09 17:05:15,729 - INFO - 正在发送数据到 http://localhost:5000/api/density...
2025-04-09 17:05:17,787 - INFO - 数据发送成功!
2025-04-09 17:05:25,731 - INFO - 估计人流密度: 0.1020 人/m², 预计人数: 20.4
2025-04-09 17:05:25,731 - INFO - 正在发送数据到 http://localhost:5000/api/density...
2025-04-09 17:05:27,797 - INFO - 数据发送成功!
2025-04-09 17:05:35,732 - INFO - 估计人流密度: 0.0683 人/m², 预计人数: 13.7
2025-04-09 17:05:35,732 - INFO - 正在发送数据到 http://localhost:5000/api/density...
2025-04-09 17:05:37,791 - INFO - 数据发送成功!
2025-04-09 17:05:45,732 - INFO - 估计人流密度: 0.0810 人/m², 预计人数: 16.2
2025-04-09 17:05:45,732 - INFO - 正在发送数据到 http://localhost:5000/api/density...
2025-04-09 17:05:47,784 - INFO - 数据发送成功!
2025-04-09 17:05:55,733 - INFO - 估计人流密度: 0.1128 人/m², 预计人数: 22.6
2025-04-09 17:05:55,733 - INFO - 正在发送数据到 http://localhost:5000/api/density...
2025-04-09 17:05:57,799 - INFO - 数据发送成功!
2025-04-09 17:06:05,734 - INFO - 估计人流密度: 0.0604 人/m², 预计人数: 12.1
2025-04-09 17:06:05,734 - INFO - 正在发送数据到 http://localhost:5000/api/density...
2025-04-09 17:06:07,796 - INFO - 数据发送成功!
2025-04-09 17:06:15,735 - INFO - 估计人流密度: 0.0688 人/m², 预计人数: 13.8
2025-04-09 17:06:15,735 - INFO - 正在发送数据到 http://localhost:5000/api/density...
2025-04-09 17:06:17,793 - INFO - 数据发送成功!
2025-04-09 17:06:25,736 - INFO - 估计人流密度: 0.0985 人/m², 预计人数: 19.7
2025-04-09 17:06:25,736 - INFO - 正在发送数据到 http://localhost:5000/api/density...
2025-04-09 17:06:27,778 - INFO - 数据发送成功!
2025-04-09 17:06:35,736 - INFO - 估计人流密度: 0.1097 人/m², 预计人数: 21.9
2025-04-09 17:06:35,736 - INFO - 正在发送数据到 http://localhost:5000/api/density...
2025-04-09 17:06:37,790 - INFO - 数据发送成功!
2025-04-09 17:06:45,738 - INFO - 估计人流密度: 0.0392 人/m², 预计人数: 7.8
2025-04-09 17:06:45,738 - INFO - 正在发送数据到 http://localhost:5000/api/density...
2025-04-09 17:06:47,795 - INFO - 数据发送成功!
2025-04-09 17:06:55,738 - INFO - 估计人流密度: 0.0577 人/m², 预计人数: 11.5
2025-04-09 17:06:55,738 - INFO - 正在发送数据到 http://localhost:5000/api/density...
2025-04-09 17:06:57,816 - INFO - 数据发送成功!
2025-04-09 17:07:05,739 - INFO - 估计人流密度: 0.0952 人/m², 预计人数: 19.0
2025-04-09 17:07:05,739 - INFO - 正在发送数据到 http://localhost:5000/api/density...
2025-04-09 17:07:07,798 - INFO - 数据发送成功!
2025-04-09 17:07:15,740 - INFO - 估计人流密度: 0.0527 人/m², 预计人数: 10.5
2025-04-09 17:07:15,741 - INFO - 正在发送数据到 http://localhost:5000/api/density...
2025-04-09 17:07:17,821 - INFO - 数据发送成功!
2025-04-09 17:07:25,741 - INFO - 估计人流密度: 0.0719 人/m², 预计人数: 14.4
2025-04-09 17:07:25,741 - INFO - 正在发送数据到 http://localhost:5000/api/density...
2025-04-09 17:07:27,795 - INFO - 数据发送成功!
2025-04-09 17:07:35,743 - INFO - 估计人流密度: 0.0600 人/m², 预计人数: 12.0
2025-04-09 17:07:35,743 - INFO - 正在发送数据到 http://localhost:5000/api/density...
2025-04-09 17:07:37,798 - INFO - 数据发送成功!
2025-04-09 17:07:45,744 - INFO - 估计人流密度: 0.0251 人/m², 预计人数: 5.0
2025-04-09 17:07:45,744 - INFO - 正在发送数据到 http://localhost:5000/api/density...
2025-04-09 17:07:47,787 - INFO - 数据发送成功!
2025-04-09 17:07:55,745 - INFO - 估计人流密度: 0.0672 人/m², 预计人数: 13.4
2025-04-09 17:07:55,745 - INFO - 正在发送数据到 http://localhost:5000/api/density...
2025-04-09 17:07:57,804 - INFO - 数据发送成功!
2025-04-09 17:08:05,746 - INFO - 估计人流密度: 0.0101 人/m², 预计人数: 2.0
2025-04-09 17:08:05,746 - INFO - 正在发送数据到 http://localhost:5000/api/density...
2025-04-09 17:08:07,792 - INFO - 数据发送成功!
2025-04-09 17:08:15,747 - INFO - 估计人流密度: 0.0480 人/m², 预计人数: 9.6
2025-04-09 17:08:15,747 - INFO - 正在发送数据到 http://localhost:5000/api/density...
2025-04-09 17:08:17,808 - INFO - 数据发送成功!
2025-04-09 17:08:25,749 - INFO - 估计人流密度: 0.0243 人/m², 预计人数: 4.9
2025-04-09 17:08:25,749 - INFO - 正在发送数据到 http://localhost:5000/api/density...
2025-04-09 17:08:27,795 - INFO - 数据发送成功!
2025-04-09 17:08:35,749 - INFO - 估计人流密度: 0.0540 人/m², 预计人数: 10.8
2025-04-09 17:08:35,749 - INFO - 正在发送数据到 http://localhost:5000/api/density...
2025-04-09 17:08:37,797 - INFO - 数据发送成功!
2025-04-09 17:08:45,750 - INFO - 估计人流密度: 0.0697 人/m², 预计人数: 13.9
2025-04-09 17:08:45,750 - INFO - 正在发送数据到 http://localhost:5000/api/density...
2025-04-09 17:08:47,813 - INFO - 数据发送成功!
2025-04-09 17:08:55,751 - INFO - 估计人流密度: 0.0705 人/m², 预计人数: 14.1
2025-04-09 17:08:55,751 - INFO - 正在发送数据到 http://localhost:5000/api/density...
2025-04-09 17:08:57,811 - INFO - 数据发送成功!
2025-04-09 17:09:05,751 - INFO - 估计人流密度: 0.0892 人/m², 预计人数: 17.8
2025-04-09 17:09:05,751 - INFO - 正在发送数据到 http://localhost:5000/api/density...
2025-04-09 17:09:07,792 - INFO - 数据发送成功!
2025-04-09 17:09:15,752 - INFO - 估计人流密度: 0.0917 人/m², 预计人数: 18.3
2025-04-09 17:09:15,752 - INFO - 正在发送数据到 http://localhost:5000/api/density...
2025-04-09 17:09:17,804 - INFO - 数据发送成功!
2025-04-09 17:09:25,753 - INFO - 估计人流密度: 0.0034 人/m², 预计人数: 0.7
2025-04-09 17:09:25,753 - INFO - 正在发送数据到 http://localhost:5000/api/density...
2025-04-09 17:09:27,802 - INFO - 数据发送成功!
2025-04-09 17:09:35,755 - INFO - 估计人流密度: 0.0462 人/m², 预计人数: 9.2
2025-04-09 17:09:35,755 - INFO - 正在发送数据到 http://localhost:5000/api/density...
2025-04-09 17:09:37,798 - INFO - 数据发送成功!
2025-04-09 17:09:45,756 - INFO - 估计人流密度: 0.0478 人/m², 预计人数: 9.6
2025-04-09 17:09:45,756 - INFO - 正在发送数据到 http://localhost:5000/api/density...
2025-04-09 17:09:47,793 - INFO - 数据发送成功!
2025-04-09 17:09:55,757 - INFO - 估计人流密度: 0.0615 人/m², 预计人数: 12.3
2025-04-09 17:09:55,757 - INFO - 正在发送数据到 http://localhost:5000/api/density...
2025-04-09 17:09:57,802 - INFO - 数据发送成功!
2025-04-09 17:10:05,757 - INFO - 估计人流密度: 0.0660 人/m², 预计人数: 13.2
2025-04-09 17:10:05,758 - INFO - 正在发送数据到 http://localhost:5000/api/density...
2025-04-09 17:10:07,812 - INFO - 数据发送成功!
2025-04-09 17:10:15,759 - INFO - 估计人流密度: 0.0966 人/m², 预计人数: 19.3
2025-04-09 17:10:15,759 - INFO - 正在发送数据到 http://localhost:5000/api/density...
2025-04-09 17:10:17,793 - INFO - 数据发送成功!
2025-04-09 17:10:25,760 - INFO - 估计人流密度: 0.1013 人/m², 预计人数: 20.3
2025-04-09 17:10:25,760 - INFO - 正在发送数据到 http://localhost:5000/api/density...
2025-04-09 17:10:27,781 - INFO - 数据发送成功!
2025-04-09 17:10:35,760 - INFO - 估计人流密度: 0.0036 人/m², 预计人数: 0.7
2025-04-09 17:10:35,760 - INFO - 正在发送数据到 http://localhost:5000/api/density...
2025-04-09 17:10:37,805 - INFO - 数据发送成功!
2025-04-09 17:10:45,761 - INFO - 估计人流密度: 0.0451 人/m², 预计人数: 9.0
2025-04-09 17:10:45,761 - INFO - 正在发送数据到 http://localhost:5000/api/density...
2025-04-09 17:10:47,797 - INFO - 数据发送成功!
2025-04-09 17:10:55,762 - INFO - 估计人流密度: 0.0779 人/m², 预计人数: 15.6
2025-04-09 17:10:55,762 - INFO - 正在发送数据到 http://localhost:5000/api/density...
2025-04-09 17:10:57,837 - INFO - 数据发送成功!
2025-04-09 17:11:05,762 - INFO - 估计人流密度: 0.0783 人/m², 预计人数: 15.7
2025-04-09 17:11:05,762 - INFO - 正在发送数据到 http://localhost:5000/api/density...
2025-04-09 17:11:07,815 - INFO - 数据发送成功!
2025-04-09 17:11:15,763 - INFO - 估计人流密度: 0.0671 人/m², 预计人数: 13.4
2025-04-09 17:11:15,763 - INFO - 正在发送数据到 http://localhost:5000/api/density...
2025-04-09 17:11:17,803 - INFO - 数据发送成功!
2025-04-09 17:11:25,764 - INFO - 估计人流密度: 0.0707 人/m², 预计人数: 14.1
2025-04-09 17:11:25,764 - INFO - 正在发送数据到 http://localhost:5000/api/density...
2025-04-09 17:11:27,817 - INFO - 数据发送成功!
2025-04-09 17:11:35,765 - INFO - 估计人流密度: 0.0695 人/m², 预计人数: 13.9
2025-04-09 17:11:35,765 - INFO - 正在发送数据到 http://localhost:5000/api/density...
2025-04-09 17:11:37,812 - INFO - 数据发送成功!
2025-04-09 17:11:45,766 - INFO - 估计人流密度: 0.0727 人/m², 预计人数: 14.5
2025-04-09 17:11:45,766 - INFO - 正在发送数据到 http://localhost:5000/api/density...
2025-04-09 17:11:47,810 - INFO - 数据发送成功!
2025-04-09 17:11:55,767 - INFO - 估计人流密度: 0.0374 人/m², 预计人数: 7.5
2025-04-09 17:11:55,767 - INFO - 正在发送数据到 http://localhost:5000/api/density...
2025-04-09 17:11:57,812 - INFO - 数据发送成功!
2025-04-09 17:12:05,768 - INFO - 估计人流密度: 0.0810 人/m², 预计人数: 16.2
2025-04-09 17:12:05,768 - INFO - 正在发送数据到 http://localhost:5000/api/density...
2025-04-09 17:12:07,832 - INFO - 数据发送成功!
2025-04-09 17:12:15,769 - INFO - 估计人流密度: 0.1188 人/m², 预计人数: 23.8
2025-04-09 17:12:15,770 - INFO - 正在发送数据到 http://localhost:5000/api/density...
2025-04-09 17:12:17,806 - INFO - 数据发送成功!
2025-04-09 17:12:25,770 - INFO - 估计人流密度: 0.1073 人/m², 预计人数: 21.5
2025-04-09 17:12:25,770 - INFO - 正在发送数据到 http://localhost:5000/api/density...
2025-04-09 17:12:27,810 - INFO - 数据发送成功!
2025-04-09 17:12:35,771 - INFO - 估计人流密度: 0.0275 人/m², 预计人数: 5.5
2025-04-09 17:12:35,771 - INFO - 正在发送数据到 http://localhost:5000/api/density...
2025-04-09 17:12:37,831 - INFO - 数据发送成功!
2025-04-09 17:12:45,772 - INFO - 估计人流密度: 0.0388 人/m², 预计人数: 7.8
2025-04-09 17:12:45,772 - INFO - 正在发送数据到 http://localhost:5000/api/density...
2025-04-09 17:12:47,842 - INFO - 数据发送成功!
2025-04-09 17:12:55,773 - INFO - 估计人流密度: 0.0808 人/m², 预计人数: 16.2
2025-04-09 17:12:55,773 - INFO - 正在发送数据到 http://localhost:5000/api/density...
2025-04-09 17:12:57,807 - INFO - 数据发送成功!
2025-04-09 17:13:05,775 - INFO - 估计人流密度: 0.0543 人/m², 预计人数: 10.9
2025-04-09 17:13:05,775 - INFO - 正在发送数据到 http://localhost:5000/api/density...
2025-04-09 17:13:07,813 - INFO - 数据发送成功!
2025-04-09 17:13:15,776 - INFO - 估计人流密度: 0.0326 人/m², 预计人数: 6.5
2025-04-09 17:13:15,776 - INFO - 正在发送数据到 http://localhost:5000/api/density...
2025-04-09 17:13:17,818 - INFO - 数据发送成功!
2025-04-09 17:13:25,777 - INFO - 估计人流密度: 0.0672 人/m², 预计人数: 13.4
2025-04-09 17:13:25,777 - INFO - 正在发送数据到 http://localhost:5000/api/density...
2025-04-09 17:13:27,802 - INFO - 数据发送成功!
2025-04-09 17:13:35,778 - INFO - 估计人流密度: 0.0776 人/m², 预计人数: 15.5
2025-04-09 17:13:35,779 - INFO - 正在发送数据到 http://localhost:5000/api/density...
2025-04-09 17:13:37,828 - INFO - 数据发送成功!
2025-04-09 17:13:45,779 - INFO - 估计人流密度: 0.0592 人/m², 预计人数: 11.8
2025-04-09 17:13:45,779 - INFO - 正在发送数据到 http://localhost:5000/api/density...
2025-04-09 17:13:47,820 - INFO - 数据发送成功!
2025-04-09 17:13:55,779 - INFO - 估计人流密度: 0.0849 人/m², 预计人数: 17.0
2025-04-09 17:13:55,779 - INFO - 正在发送数据到 http://localhost:5000/api/density...
2025-04-09 17:13:57,823 - INFO - 数据发送成功!
2025-04-09 17:14:05,780 - INFO - 估计人流密度: 0.0620 人/m², 预计人数: 12.4
2025-04-09 17:14:05,780 - INFO - 正在发送数据到 http://localhost:5000/api/density...
2025-04-09 17:14:07,836 - INFO - 数据发送成功!
2025-04-09 17:14:15,781 - INFO - 估计人流密度: 0.0102 人/m², 预计人数: 2.0
2025-04-09 17:14:15,781 - INFO - 正在发送数据到 http://localhost:5000/api/density...
2025-04-09 17:14:17,840 - INFO - 数据发送成功!
2025-04-09 17:14:25,781 - INFO - 估计人流密度: 0.0545 人/m², 预计人数: 10.9
2025-04-09 17:14:25,781 - INFO - 正在发送数据到 http://localhost:5000/api/density...
2025-04-09 17:14:27,820 - INFO - 数据发送成功!
2025-04-09 17:14:35,783 - INFO - 估计人流密度: 0.0535 人/m², 预计人数: 10.7
2025-04-09 17:14:35,783 - INFO - 正在发送数据到 http://localhost:5000/api/density...
2025-04-09 17:14:37,834 - INFO - 数据发送成功!
2025-04-09 17:14:45,784 - INFO - 估计人流密度: 0.0794 人/m², 预计人数: 15.9
2025-04-09 17:14:45,784 - INFO - 正在发送数据到 http://localhost:5000/api/density...
2025-04-09 17:14:47,856 - INFO - 数据发送成功!
2025-04-09 17:14:55,785 - INFO - 估计人流密度: 0.0203 人/m², 预计人数: 4.1
2025-04-09 17:14:55,785 - INFO - 正在发送数据到 http://localhost:5000/api/density...
2025-04-09 17:14:57,865 - INFO - 数据发送成功!
2025-04-09 17:15:05,786 - INFO - 估计人流密度: 0.0541 人/m², 预计人数: 10.8
2025-04-09 17:15:05,786 - INFO - 正在发送数据到 http://localhost:5000/api/density...
2025-04-09 17:15:07,833 - INFO - 数据发送成功!
2025-04-09 17:15:15,786 - INFO - 估计人流密度: 0.0881 人/m², 预计人数: 17.6
2025-04-09 17:15:15,786 - INFO - 正在发送数据到 http://localhost:5000/api/density...
2025-04-09 17:15:17,835 - INFO - 数据发送成功!
2025-04-09 17:15:25,788 - INFO - 估计人流密度: 0.0696 人/m², 预计人数: 13.9
2025-04-09 17:15:25,788 - INFO - 正在发送数据到 http://localhost:5000/api/density...
2025-04-09 17:15:27,820 - INFO - 数据发送成功!
2025-04-09 17:15:35,789 - INFO - 估计人流密度: 0.0995 人/m², 预计人数: 19.9
2025-04-09 17:15:35,789 - INFO - 正在发送数据到 http://localhost:5000/api/density...
2025-04-09 17:15:37,854 - INFO - 数据发送成功!
2025-04-09 17:15:45,790 - INFO - 估计人流密度: 0.0897 人/m², 预计人数: 17.9
2025-04-09 17:15:45,790 - INFO - 正在发送数据到 http://localhost:5000/api/density...
2025-04-09 17:15:47,845 - INFO - 数据发送成功!
2025-04-09 17:15:55,790 - INFO - 估计人流密度: 0.1036 人/m², 预计人数: 20.7
2025-04-09 17:15:55,790 - INFO - 正在发送数据到 http://localhost:5000/api/density...
2025-04-09 17:15:57,866 - INFO - 数据发送成功!
2025-04-09 17:16:05,791 - INFO - 估计人流密度: 0.0663 人/m², 预计人数: 13.3
2025-04-09 17:16:05,791 - INFO - 正在发送数据到 http://localhost:5000/api/density...
2025-04-09 17:16:07,856 - INFO - 数据发送成功!
2025-04-09 17:16:15,793 - INFO - 估计人流密度: 0.0772 人/m², 预计人数: 15.4
2025-04-09 17:16:15,793 - INFO - 正在发送数据到 http://localhost:5000/api/density...
2025-04-09 17:16:17,854 - INFO - 数据发送成功!
2025-04-09 17:16:25,794 - INFO - 估计人流密度: 0.0935 人/m², 预计人数: 18.7
2025-04-09 17:16:25,794 - INFO - 正在发送数据到 http://localhost:5000/api/density...
2025-04-09 17:16:27,868 - INFO - 数据发送成功!
2025-04-09 17:16:35,794 - INFO - 估计人流密度: 0.1030 人/m², 预计人数: 20.6
2025-04-09 17:16:35,794 - INFO - 正在发送数据到 http://localhost:5000/api/density...
2025-04-09 17:16:37,860 - INFO - 数据发送成功!
2025-04-09 17:16:45,795 - INFO - 估计人流密度: 0.0213 人/m², 预计人数: 4.3
2025-04-09 17:16:45,795 - INFO - 正在发送数据到 http://localhost:5000/api/density...
2025-04-09 17:16:47,857 - INFO - 数据发送成功!
2025-04-09 17:16:55,795 - INFO - 估计人流密度: 0.0496 人/m², 预计人数: 9.9
2025-04-09 17:16:55,795 - INFO - 正在发送数据到 http://localhost:5000/api/density...
2025-04-09 17:16:57,877 - INFO - 数据发送成功!
2025-04-09 17:17:05,796 - INFO - 估计人流密度: 0.0551 人/m², 预计人数: 11.0
2025-04-09 17:17:05,796 - INFO - 正在发送数据到 http://localhost:5000/api/density...
2025-04-09 17:17:07,876 - INFO - 数据发送成功!
2025-04-09 17:17:15,797 - INFO - 估计人流密度: 0.0257 人/m², 预计人数: 5.1
2025-04-09 17:17:15,797 - INFO - 正在发送数据到 http://localhost:5000/api/density...
2025-04-09 17:17:17,862 - INFO - 数据发送成功!
2025-04-09 17:17:25,797 - INFO - 估计人流密度: 0.0564 人/m², 预计人数: 11.3
2025-04-09 17:17:25,797 - INFO - 正在发送数据到 http://localhost:5000/api/density...
2025-04-09 17:17:27,854 - INFO - 数据发送成功!
2025-04-09 17:17:35,798 - INFO - 估计人流密度: 0.0888 人/m², 预计人数: 17.8
2025-04-09 17:17:35,798 - INFO - 正在发送数据到 http://localhost:5000/api/density...
2025-04-09 17:17:37,873 - INFO - 数据发送成功!
2025-04-09 17:17:45,799 - INFO - 估计人流密度: 0.0919 人/m², 预计人数: 18.4
2025-04-09 17:17:45,799 - INFO - 正在发送数据到 http://localhost:5000/api/density...
2025-04-09 17:17:47,880 - INFO - 数据发送成功!
2025-04-09 17:17:55,800 - INFO - 估计人流密度: 0.0288 人/m², 预计人数: 5.8
2025-04-09 17:17:55,800 - INFO - 正在发送数据到 http://localhost:5000/api/density...
2025-04-09 17:17:57,870 - INFO - 数据发送成功!
2025-04-09 17:18:05,800 - INFO - 估计人流密度: 0.0375 人/m², 预计人数: 7.5
2025-04-09 17:18:05,800 - INFO - 正在发送数据到 http://localhost:5000/api/density...
2025-04-09 17:18:07,876 - INFO - 数据发送成功!
2025-04-09 17:18:15,802 - INFO - 估计人流密度: 0.0736 人/m², 预计人数: 14.7
2025-04-09 17:18:15,803 - INFO - 正在发送数据到 http://localhost:5000/api/density...
2025-04-09 17:18:17,870 - INFO - 数据发送成功!
2025-04-09 17:18:25,803 - INFO - 估计人流密度: 0.1038 人/m², 预计人数: 20.8
2025-04-09 17:18:25,803 - INFO - 正在发送数据到 http://localhost:5000/api/density...
2025-04-09 17:18:27,909 - INFO - 数据发送成功!
2025-04-09 17:18:35,804 - INFO - 估计人流密度: 0.1232 人/m², 预计人数: 24.6
2025-04-09 17:18:35,804 - INFO - 正在发送数据到 http://localhost:5000/api/density...
2025-04-09 17:18:37,873 - INFO - 数据发送成功!
2025-04-09 17:18:45,805 - INFO - 估计人流密度: 0.0235 人/m², 预计人数: 4.7
2025-04-09 17:18:45,805 - INFO - 正在发送数据到 http://localhost:5000/api/density...
2025-04-09 17:18:47,881 - INFO - 数据发送成功!
2025-04-09 17:18:55,805 - INFO - 估计人流密度: 0.0563 人/m², 预计人数: 11.3
2025-04-09 17:18:55,805 - INFO - 正在发送数据到 http://localhost:5000/api/density...
2025-04-09 17:18:57,857 - INFO - 数据发送成功!
2025-04-09 17:19:05,806 - INFO - 估计人流密度: 0.0361 人/m², 预计人数: 7.2
2025-04-09 17:19:05,806 - INFO - 正在发送数据到 http://localhost:5000/api/density...
2025-04-09 17:19:07,864 - INFO - 数据发送成功!
2025-04-09 17:19:15,807 - INFO - 估计人流密度: 0.0735 人/m², 预计人数: 14.7
2025-04-09 17:19:15,807 - INFO - 正在发送数据到 http://localhost:5000/api/density...
2025-04-09 17:19:17,874 - INFO - 数据发送成功!
2025-04-09 17:19:25,807 - INFO - 估计人流密度: 0.0238 人/m², 预计人数: 4.8
2025-04-09 17:19:25,807 - INFO - 正在发送数据到 http://localhost:5000/api/density...
2025-04-09 17:19:27,849 - INFO - 数据发送成功!
2025-04-09 17:19:35,809 - INFO - 估计人流密度: 0.0415 人/m², 预计人数: 8.3
2025-04-09 17:19:35,809 - INFO - 正在发送数据到 http://localhost:5000/api/density...
2025-04-09 17:19:37,844 - INFO - 数据发送成功!
2025-04-09 17:19:45,809 - INFO - 估计人流密度: 0.0090 人/m², 预计人数: 1.8
2025-04-09 17:19:45,809 - INFO - 正在发送数据到 http://localhost:5000/api/density...
2025-04-09 17:19:47,861 - INFO - 数据发送成功!
2025-04-09 17:19:55,810 - INFO - 估计人流密度: 0.0498 人/m², 预计人数: 10.0
2025-04-09 17:19:55,810 - INFO - 正在发送数据到 http://localhost:5000/api/density...
2025-04-09 17:19:57,853 - INFO - 数据发送成功!
2025-04-09 17:20:05,810 - INFO - 估计人流密度: 0.0787 人/m², 预计人数: 15.7
2025-04-09 17:20:05,810 - INFO - 正在发送数据到 http://localhost:5000/api/density...
2025-04-09 17:20:07,864 - INFO - 数据发送成功!
2025-04-09 17:20:15,811 - INFO - 估计人流密度: 0.1001 人/m², 预计人数: 20.0
2025-04-09 17:20:15,811 - INFO - 正在发送数据到 http://localhost:5000/api/density...
2025-04-09 17:20:17,866 - INFO - 数据发送成功!
2025-04-09 17:20:25,812 - INFO - 估计人流密度: 0.1101 人/m², 预计人数: 22.0
2025-04-09 17:20:25,812 - INFO - 正在发送数据到 http://localhost:5000/api/density...
2025-04-09 17:20:27,857 - INFO - 数据发送成功!
2025-04-09 17:20:35,812 - INFO - 估计人流密度: 0.1265 人/m², 预计人数: 25.3
2025-04-09 17:20:35,812 - INFO - 正在发送数据到 http://localhost:5000/api/density...
2025-04-09 17:20:37,862 - INFO - 数据发送成功!
2025-04-09 17:20:45,813 - INFO - 估计人流密度: 0.0513 人/m², 预计人数: 10.3
2025-04-09 17:20:45,814 - INFO - 正在发送数据到 http://localhost:5000/api/density...
2025-04-09 17:20:47,912 - INFO - 数据发送成功!
2025-04-09 17:20:55,814 - INFO - 估计人流密度: 0.0819 人/m², 预计人数: 16.4
2025-04-09 17:20:55,814 - INFO - 正在发送数据到 http://localhost:5000/api/density...
2025-04-09 17:20:57,872 - INFO - 数据发送成功!
2025-04-09 17:21:05,815 - INFO - 估计人流密度: 0.0913 人/m², 预计人数: 18.3
2025-04-09 17:21:05,815 - INFO - 正在发送数据到 http://localhost:5000/api/density...
2025-04-09 17:21:07,876 - INFO - 数据发送成功!
2025-04-09 17:21:15,816 - INFO - 估计人流密度: 0.0989 人/m², 预计人数: 19.8
2025-04-09 17:21:15,816 - INFO - 正在发送数据到 http://localhost:5000/api/density...
2025-04-09 17:21:17,877 - INFO - 数据发送成功!
2025-04-09 17:21:25,817 - INFO - 估计人流密度: 0.1097 人/m², 预计人数: 21.9
2025-04-09 17:21:25,817 - INFO - 正在发送数据到 http://localhost:5000/api/density...
2025-04-09 17:21:27,893 - INFO - 数据发送成功!
2025-04-09 17:21:35,818 - INFO - 估计人流密度: 0.0545 人/m², 预计人数: 10.9
2025-04-09 17:21:35,818 - INFO - 正在发送数据到 http://localhost:5000/api/density...
2025-04-09 17:21:37,863 - INFO - 数据发送成功!
2025-04-09 17:21:45,819 - INFO - 估计人流密度: 0.0455 人/m², 预计人数: 9.1
2025-04-09 17:21:45,819 - INFO - 正在发送数据到 http://localhost:5000/api/density...
2025-04-09 17:21:47,873 - INFO - 数据发送成功!
2025-04-09 17:21:55,819 - INFO - 估计人流密度: 0.0679 人/m², 预计人数: 13.6
2025-04-09 17:21:55,819 - INFO - 正在发送数据到 http://localhost:5000/api/density...
2025-04-09 17:21:57,873 - INFO - 数据发送成功!
2025-04-09 17:22:05,821 - INFO - 估计人流密度: 0.0850 人/m², 预计人数: 17.0
2025-04-09 17:22:05,821 - INFO - 正在发送数据到 http://localhost:5000/api/density...
2025-04-09 17:22:07,893 - INFO - 数据发送成功!
2025-04-09 17:22:15,821 - INFO - 估计人流密度: 0.0207 人/m², 预计人数: 4.1
2025-04-09 17:22:15,821 - INFO - 正在发送数据到 http://localhost:5000/api/density...
2025-04-09 17:22:17,855 - INFO - 数据发送成功!
2025-04-09 17:22:25,823 - INFO - 估计人流密度: 0.0385 人/m², 预计人数: 7.7
2025-04-09 17:22:25,823 - INFO - 正在发送数据到 http://localhost:5000/api/density...
2025-04-09 17:22:27,861 - INFO - 数据发送成功!
2025-04-09 17:22:35,824 - INFO - 估计人流密度: 0.0300 人/m², 预计人数: 6.0
2025-04-09 17:22:35,824 - INFO - 正在发送数据到 http://localhost:5000/api/density...
2025-04-09 17:22:37,882 - INFO - 数据发送成功!
2025-04-09 17:22:45,825 - INFO - 估计人流密度: 0.0667 人/m², 预计人数: 13.3
2025-04-09 17:22:45,825 - INFO - 正在发送数据到 http://localhost:5000/api/density...
2025-04-09 17:22:47,855 - INFO - 数据发送成功!
2025-04-09 17:22:55,826 - INFO - 估计人流密度: 0.1001 人/m², 预计人数: 20.0
2025-04-09 17:22:55,826 - INFO - 正在发送数据到 http://localhost:5000/api/density...
2025-04-09 17:22:57,906 - INFO - 数据发送成功!
2025-04-09 17:23:05,827 - INFO - 估计人流密度: 0.1071 人/m², 预计人数: 21.4
2025-04-09 17:23:05,827 - INFO - 正在发送数据到 http://localhost:5000/api/density...
2025-04-09 17:23:07,881 - INFO - 数据发送成功!
2025-04-09 17:23:15,827 - INFO - 估计人流密度: 0.0884 人/m², 预计人数: 17.7
2025-04-09 17:23:15,827 - INFO - 正在发送数据到 http://localhost:5000/api/density...
2025-04-09 17:23:17,892 - INFO - 数据发送成功!
2025-04-09 17:23:25,828 - INFO - 估计人流密度: 0.0900 人/m², 预计人数: 18.0
2025-04-09 17:23:25,828 - INFO - 正在发送数据到 http://localhost:5000/api/density...
2025-04-09 17:23:27,885 - INFO - 数据发送成功!
2025-04-09 17:23:35,829 - INFO - 估计人流密度: 0.1133 人/m², 预计人数: 22.7
2025-04-09 17:23:35,829 - INFO - 正在发送数据到 http://localhost:5000/api/density...
2025-04-09 17:23:37,872 - INFO - 数据发送成功!
2025-04-09 17:23:45,829 - INFO - 估计人流密度: 0.1332 人/m², 预计人数: 26.6
2025-04-09 17:23:45,829 - INFO - 正在发送数据到 http://localhost:5000/api/density...
2025-04-09 17:23:47,869 - INFO - 数据发送成功!
2025-04-09 17:23:55,830 - INFO - 估计人流密度: 0.0976 人/m², 预计人数: 19.5
2025-04-09 17:23:55,830 - INFO - 正在发送数据到 http://localhost:5000/api/density...
2025-04-09 17:23:57,886 - INFO - 数据发送成功!
2025-04-09 17:24:05,830 - INFO - 估计人流密度: 0.0733 人/m², 预计人数: 14.7
2025-04-09 17:24:05,830 - INFO - 正在发送数据到 http://localhost:5000/api/density...
2025-04-09 17:24:07,902 - INFO - 数据发送成功!
2025-04-09 17:24:15,831 - INFO - 估计人流密度: 0.0869 人/m², 预计人数: 17.4
2025-04-09 17:24:15,831 - INFO - 正在发送数据到 http://localhost:5000/api/density...
2025-04-09 17:24:17,876 - INFO - 数据发送成功!
2025-04-09 17:24:25,832 - INFO - 估计人流密度: 0.0916 人/m², 预计人数: 18.3
2025-04-09 17:24:25,832 - INFO - 正在发送数据到 http://localhost:5000/api/density...
2025-04-09 17:24:27,891 - INFO - 数据发送成功!
2025-04-09 17:24:35,832 - INFO - 估计人流密度: 0.0822 人/m², 预计人数: 16.4
2025-04-09 17:24:35,832 - INFO - 正在发送数据到 http://localhost:5000/api/density...
2025-04-09 17:24:37,865 - INFO - 数据发送成功!
2025-04-09 17:24:45,832 - INFO - 估计人流密度: 0.0937 人/m², 预计人数: 18.7
2025-04-09 17:24:45,832 - INFO - 正在发送数据到 http://localhost:5000/api/density...
2025-04-09 17:24:47,888 - INFO - 数据发送成功!
2025-04-09 17:24:55,833 - INFO - 估计人流密度: 0.0521 人/m², 预计人数: 10.4
2025-04-09 17:24:55,833 - INFO - 正在发送数据到 http://localhost:5000/api/density...
2025-04-09 17:24:57,890 - INFO - 数据发送成功!
2025-04-09 17:25:05,834 - INFO - 估计人流密度: 0.0836 人/m², 预计人数: 16.7
2025-04-09 17:25:05,834 - INFO - 正在发送数据到 http://localhost:5000/api/density...
2025-04-09 17:25:07,877 - INFO - 数据发送成功!
2025-04-09 17:25:15,835 - INFO - 估计人流密度: 0.1168 人/m², 预计人数: 23.4
2025-04-09 17:25:15,835 - INFO - 正在发送数据到 http://localhost:5000/api/density...
2025-04-09 17:25:17,877 - INFO - 数据发送成功!
2025-04-09 17:25:25,836 - INFO - 估计人流密度: 0.0921 人/m², 预计人数: 18.4
2025-04-09 17:25:25,836 - INFO - 正在发送数据到 http://localhost:5000/api/density...
2025-04-09 17:25:27,903 - INFO - 数据发送成功!
2025-04-09 17:25:35,837 - INFO - 估计人流密度: 0.0688 人/m², 预计人数: 13.8
2025-04-09 17:25:35,837 - INFO - 正在发送数据到 http://localhost:5000/api/density...
2025-04-09 17:25:37,889 - INFO - 数据发送成功!
2025-04-09 17:25:45,838 - INFO - 估计人流密度: 0.0971 人/m², 预计人数: 19.4
2025-04-09 17:25:45,838 - INFO - 正在发送数据到 http://localhost:5000/api/density...
2025-04-09 17:25:47,891 - INFO - 数据发送成功!
2025-04-09 17:25:55,839 - INFO - 估计人流密度: 0.0620 人/m², 预计人数: 12.4
2025-04-09 17:25:55,839 - INFO - 正在发送数据到 http://localhost:5000/api/density...
2025-04-09 17:25:57,891 - INFO - 数据发送成功!
2025-04-09 17:26:05,840 - INFO - 估计人流密度: 0.0835 人/m², 预计人数: 16.7
2025-04-09 17:26:05,840 - INFO - 正在发送数据到 http://localhost:5000/api/density...
2025-04-09 17:26:07,909 - INFO - 数据发送成功!
2025-04-09 17:26:15,841 - INFO - 估计人流密度: 0.0948 人/m², 预计人数: 19.0
2025-04-09 17:26:15,841 - INFO - 正在发送数据到 http://localhost:5000/api/density...
2025-04-09 17:26:17,916 - INFO - 数据发送成功!
2025-04-09 17:26:25,842 - INFO - 估计人流密度: 0.0685 人/m², 预计人数: 13.7
2025-04-09 17:26:25,842 - INFO - 正在发送数据到 http://localhost:5000/api/density...
2025-04-09 17:26:27,888 - INFO - 数据发送成功!
2025-04-09 17:26:35,842 - INFO - 估计人流密度: 0.0864 人/m², 预计人数: 17.3
2025-04-09 17:26:35,842 - INFO - 正在发送数据到 http://localhost:5000/api/density...
2025-04-09 17:26:37,904 - INFO - 数据发送成功!
2025-04-09 17:26:45,843 - INFO - 估计人流密度: 0.0818 人/m², 预计人数: 16.4
2025-04-09 17:26:45,843 - INFO - 正在发送数据到 http://localhost:5000/api/density...
2025-04-09 17:26:47,889 - INFO - 数据发送成功!
2025-04-09 17:26:55,844 - INFO - 估计人流密度: 0.0446 人/m², 预计人数: 8.9
2025-04-09 17:26:55,844 - INFO - 正在发送数据到 http://localhost:5000/api/density...
2025-04-09 17:26:57,906 - INFO - 数据发送成功!
2025-04-09 17:27:05,844 - INFO - 估计人流密度: 0.0827 人/m², 预计人数: 16.5
2025-04-09 17:27:05,844 - INFO - 正在发送数据到 http://localhost:5000/api/density...
2025-04-09 17:27:07,917 - INFO - 数据发送成功!
2025-04-09 17:27:15,845 - INFO - 估计人流密度: 0.0611 人/m², 预计人数: 12.2
2025-04-09 17:27:15,845 - INFO - 正在发送数据到 http://localhost:5000/api/density...
2025-04-09 17:27:17,916 - INFO - 数据发送成功!
2025-04-09 17:27:25,846 - INFO - 估计人流密度: 0.0857 人/m², 预计人数: 17.1
2025-04-09 17:27:25,846 - INFO - 正在发送数据到 http://localhost:5000/api/density...
2025-04-09 17:27:27,914 - INFO - 数据发送成功!
2025-04-09 17:27:35,847 - INFO - 估计人流密度: 0.0206 人/m², 预计人数: 4.1
2025-04-09 17:27:35,847 - INFO - 正在发送数据到 http://localhost:5000/api/density...
2025-04-09 17:27:37,953 - INFO - 数据发送成功!
2025-04-09 17:27:45,848 - INFO - 估计人流密度: 0.0530 人/m², 预计人数: 10.6
2025-04-09 17:27:45,848 - INFO - 正在发送数据到 http://localhost:5000/api/density...
2025-04-09 17:27:47,898 - INFO - 数据发送成功!
2025-04-09 17:27:55,848 - INFO - 估计人流密度: 0.0662 人/m², 预计人数: 13.2
2025-04-09 17:27:55,848 - INFO - 正在发送数据到 http://localhost:5000/api/density...
2025-04-09 17:27:57,900 - INFO - 数据发送成功!
2025-04-09 17:28:05,849 - INFO - 估计人流密度: 0.0518 人/m², 预计人数: 10.4
2025-04-09 17:28:05,849 - INFO - 正在发送数据到 http://localhost:5000/api/density...
2025-04-09 17:28:07,908 - INFO - 数据发送成功!
2025-04-09 17:28:15,850 - INFO - 估计人流密度: 0.0922 人/m², 预计人数: 18.4
2025-04-09 17:28:15,850 - INFO - 正在发送数据到 http://localhost:5000/api/density...
2025-04-09 17:28:17,911 - INFO - 数据发送成功!
2025-04-09 17:28:25,852 - INFO - 估计人流密度: 0.0679 人/m², 预计人数: 13.6
2025-04-09 17:28:25,852 - INFO - 正在发送数据到 http://localhost:5000/api/density...
2025-04-09 17:28:27,917 - INFO - 数据发送成功!
2025-04-09 17:28:35,852 - INFO - 估计人流密度: 0.0692 人/m², 预计人数: 13.8
2025-04-09 17:28:35,852 - INFO - 正在发送数据到 http://localhost:5000/api/density...
2025-04-09 17:28:37,933 - INFO - 数据发送成功!
2025-04-09 17:28:45,853 - INFO - 估计人流密度: 0.0763 人/m², 预计人数: 15.3
2025-04-09 17:28:45,853 - INFO - 正在发送数据到 http://localhost:5000/api/density...
2025-04-09 17:28:47,915 - INFO - 数据发送成功!
2025-04-09 17:28:55,854 - INFO - 估计人流密度: 0.0823 人/m², 预计人数: 16.5
2025-04-09 17:28:55,854 - INFO - 正在发送数据到 http://localhost:5000/api/density...
2025-04-09 17:28:57,927 - INFO - 数据发送成功!
2025-04-09 17:29:05,855 - INFO - 估计人流密度: 0.0109 人/m², 预计人数: 2.2
2025-04-09 17:29:05,855 - INFO - 正在发送数据到 http://localhost:5000/api/density...
2025-04-09 17:29:07,894 - INFO - 数据发送成功!
2025-04-09 17:29:15,856 - INFO - 估计人流密度: 0.0384 人/m², 预计人数: 7.7
2025-04-09 17:29:15,856 - INFO - 正在发送数据到 http://localhost:5000/api/density...
2025-04-09 17:29:17,902 - INFO - 数据发送成功!
2025-04-09 17:29:25,857 - INFO - 估计人流密度: 0.0617 人/m², 预计人数: 12.3
2025-04-09 17:29:25,857 - INFO - 正在发送数据到 http://localhost:5000/api/density...
2025-04-09 17:29:27,929 - INFO - 数据发送成功!
2025-04-09 17:29:35,857 - INFO - 估计人流密度: 0.1029 人/m², 预计人数: 20.6
2025-04-09 17:29:35,858 - INFO - 正在发送数据到 http://localhost:5000/api/density...
2025-04-09 17:29:37,919 - INFO - 数据发送成功!
2025-04-09 17:29:45,858 - INFO - 估计人流密度: 0.0763 人/m², 预计人数: 15.3
2025-04-09 17:29:45,858 - INFO - 正在发送数据到 http://localhost:5000/api/density...
2025-04-09 17:29:47,916 - INFO - 数据发送成功!
2025-04-09 17:29:55,859 - INFO - 估计人流密度: 0.0902 人/m², 预计人数: 18.0
2025-04-09 17:29:55,859 - INFO - 正在发送数据到 http://localhost:5000/api/density...
2025-04-09 17:29:57,914 - INFO - 数据发送成功!
2025-04-09 17:30:05,859 - INFO - 估计人流密度: 0.1030 人/m², 预计人数: 20.6
2025-04-09 17:30:05,859 - INFO - 正在发送数据到 http://localhost:5000/api/density...
2025-04-09 17:30:07,915 - INFO - 数据发送成功!
2025-04-09 17:30:15,859 - INFO - 估计人流密度: 0.0477 人/m², 预计人数: 9.5
2025-04-09 17:30:15,859 - INFO - 正在发送数据到 http://localhost:5000/api/density...
2025-04-09 17:30:17,930 - INFO - 数据发送成功!
2025-04-09 17:30:25,860 - INFO - 估计人流密度: 0.0886 人/m², 预计人数: 17.7
2025-04-09 17:30:25,860 - INFO - 正在发送数据到 http://localhost:5000/api/density...
2025-04-09 17:30:27,905 - INFO - 数据发送成功!
2025-04-09 17:30:35,861 - INFO - 估计人流密度: 0.0426 人/m², 预计人数: 8.5
2025-04-09 17:30:35,861 - INFO - 正在发送数据到 http://localhost:5000/api/density...
2025-04-09 17:30:37,916 - INFO - 数据发送成功!
2025-04-09 17:30:45,861 - INFO - 估计人流密度: 0.0587 人/m², 预计人数: 11.7
2025-04-09 17:30:45,861 - INFO - 正在发送数据到 http://localhost:5000/api/density...
2025-04-09 17:30:47,918 - INFO - 数据发送成功!
2025-04-09 17:30:55,863 - INFO - 估计人流密度: 0.0655 人/m², 预计人数: 13.1
2025-04-09 17:30:55,863 - INFO - 正在发送数据到 http://localhost:5000/api/density...
2025-04-09 17:30:57,912 - INFO - 数据发送成功!
2025-04-09 17:31:05,863 - INFO - 估计人流密度: 0.0508 人/m², 预计人数: 10.2
2025-04-09 17:31:05,864 - INFO - 正在发送数据到 http://localhost:5000/api/density...
2025-04-09 17:31:07,934 - INFO - 数据发送成功!
2025-04-09 17:31:15,864 - INFO - 估计人流密度: 0.0409 人/m², 预计人数: 8.2
2025-04-09 17:31:15,864 - INFO - 正在发送数据到 http://localhost:5000/api/density...
2025-04-09 17:31:17,902 - INFO - 数据发送成功!
2025-04-09 17:31:25,865 - INFO - 估计人流密度: 0.0793 人/m², 预计人数: 15.9
2025-04-09 17:31:25,865 - INFO - 正在发送数据到 http://localhost:5000/api/density...
2025-04-09 17:31:27,935 - INFO - 数据发送成功!
2025-04-09 17:31:35,865 - INFO - 估计人流密度: 0.0031 人/m², 预计人数: 0.6
2025-04-09 17:31:35,865 - INFO - 正在发送数据到 http://localhost:5000/api/density...
2025-04-09 17:31:37,924 - INFO - 数据发送成功!
2025-04-09 17:31:45,866 - INFO - 估计人流密度: 0.0399 人/m², 预计人数: 8.0
2025-04-09 17:31:45,866 - INFO - 正在发送数据到 http://localhost:5000/api/density...
2025-04-09 17:31:47,940 - INFO - 数据发送成功!
2025-04-09 17:31:55,867 - INFO - 估计人流密度: 0.0022 人/m², 预计人数: 0.4
2025-04-09 17:31:55,867 - INFO - 正在发送数据到 http://localhost:5000/api/density...
2025-04-09 17:31:57,943 - INFO - 数据发送成功!
2025-04-09 17:32:05,867 - INFO - 估计人流密度: 0.0238 人/m², 预计人数: 4.8
2025-04-09 17:32:05,867 - INFO - 正在发送数据到 http://localhost:5000/api/density...
2025-04-09 17:32:07,920 - INFO - 数据发送成功!
2025-04-09 17:32:15,868 - INFO - 估计人流密度: 0.0449 人/m², 预计人数: 9.0
2025-04-09 17:32:15,868 - INFO - 正在发送数据到 http://localhost:5000/api/density...
2025-04-09 17:32:17,913 - INFO - 数据发送成功!
2025-04-09 17:32:25,868 - INFO - 估计人流密度: 0.0172 人/m², 预计人数: 3.4
2025-04-09 17:32:25,868 - INFO - 正在发送数据到 http://localhost:5000/api/density...
2025-04-09 17:32:27,915 - INFO - 数据发送成功!
2025-04-09 17:32:35,869 - INFO - 估计人流密度: 0.0538 人/m², 预计人数: 10.8
2025-04-09 17:32:35,870 - INFO - 正在发送数据到 http://localhost:5000/api/density...
2025-04-09 17:32:37,925 - INFO - 数据发送成功!
2025-04-09 17:32:45,869 - INFO - 估计人流密度: 0.0285 人/m², 预计人数: 5.7
2025-04-09 17:32:45,869 - INFO - 正在发送数据到 http://localhost:5000/api/density...
2025-04-09 17:32:47,944 - INFO - 数据发送成功!
2025-04-09 17:32:55,870 - INFO - 估计人流密度: 0.0301 人/m², 预计人数: 6.0
2025-04-09 17:32:55,870 - INFO - 正在发送数据到 http://localhost:5000/api/density...
2025-04-09 17:32:57,936 - INFO - 数据发送成功!
2025-04-09 17:33:05,871 - INFO - 估计人流密度: 0.0786 人/m², 预计人数: 15.7
2025-04-09 17:33:05,871 - INFO - 正在发送数据到 http://localhost:5000/api/density...
2025-04-09 17:33:07,939 - INFO - 数据发送成功!
2025-04-09 17:33:15,872 - INFO - 估计人流密度: 0.0759 人/m², 预计人数: 15.2
2025-04-09 17:33:15,872 - INFO - 正在发送数据到 http://localhost:5000/api/density...
2025-04-09 17:33:17,937 - INFO - 数据发送成功!
2025-04-09 17:33:25,874 - INFO - 估计人流密度: 0.0106 人/m², 预计人数: 2.1
2025-04-09 17:33:25,874 - INFO - 正在发送数据到 http://localhost:5000/api/density...
2025-04-09 17:33:27,919 - INFO - 数据发送成功!
2025-04-09 17:33:35,875 - INFO - 估计人流密度: 0.0411 人/m², 预计人数: 8.2
2025-04-09 17:33:35,875 - INFO - 正在发送数据到 http://localhost:5000/api/density...
2025-04-09 17:33:37,925 - INFO - 数据发送成功!
2025-04-09 17:33:45,875 - INFO - 估计人流密度: 0.0724 人/m², 预计人数: 14.5
2025-04-09 17:33:45,875 - INFO - 正在发送数据到 http://localhost:5000/api/density...
2025-04-09 17:33:47,940 - INFO - 数据发送成功!
2025-04-09 17:33:55,877 - INFO - 估计人流密度: 0.0616 人/m², 预计人数: 12.3
2025-04-09 17:33:55,877 - INFO - 正在发送数据到 http://localhost:5000/api/density...
2025-04-09 17:33:57,939 - INFO - 数据发送成功!
2025-04-09 17:34:05,877 - INFO - 估计人流密度: 0.0190 人/m², 预计人数: 3.8
2025-04-09 17:34:05,877 - INFO - 正在发送数据到 http://localhost:5000/api/density...
2025-04-09 17:34:07,920 - INFO - 数据发送成功!
2025-04-09 17:34:15,878 - INFO - 估计人流密度: 0.0343 人/m², 预计人数: 6.9
2025-04-09 17:34:15,878 - INFO - 正在发送数据到 http://localhost:5000/api/density...
2025-04-09 17:34:17,926 - INFO - 数据发送成功!
2025-04-09 17:34:25,879 - INFO - 估计人流密度: 0.0589 人/m², 预计人数: 11.8
2025-04-09 17:34:25,879 - INFO - 正在发送数据到 http://localhost:5000/api/density...
2025-04-09 17:34:27,964 - INFO - 数据发送成功!
2025-04-09 17:34:35,879 - INFO - 估计人流密度: 0.0985 人/m², 预计人数: 19.7
2025-04-09 17:34:35,879 - INFO - 正在发送数据到 http://localhost:5000/api/density...
2025-04-09 17:34:37,946 - INFO - 数据发送成功!
2025-04-09 17:34:45,880 - INFO - 估计人流密度: 0.1076 人/m², 预计人数: 21.5
2025-04-09 17:34:45,880 - INFO - 正在发送数据到 http://localhost:5000/api/density...
2025-04-09 17:34:47,917 - INFO - 数据发送成功!
2025-04-09 17:34:55,881 - INFO - 估计人流密度: 0.1063 人/m², 预计人数: 21.3
2025-04-09 17:34:55,881 - INFO - 正在发送数据到 http://localhost:5000/api/density...
2025-04-09 17:34:57,944 - INFO - 数据发送成功!
2025-04-09 17:35:05,881 - INFO - 估计人流密度: 0.1134 人/m², 预计人数: 22.7
2025-04-09 17:35:05,881 - INFO - 正在发送数据到 http://localhost:5000/api/density...
2025-04-09 17:35:07,943 - INFO - 数据发送成功!
2025-04-09 17:35:15,882 - INFO - 估计人流密度: 0.1350 人/m², 预计人数: 27.0
2025-04-09 17:35:15,882 - INFO - 正在发送数据到 http://localhost:5000/api/density...
2025-04-09 17:35:17,938 - INFO - 数据发送成功!
2025-04-09 17:35:25,882 - INFO - 估计人流密度: 0.1117 人/m², 预计人数: 22.3
2025-04-09 17:35:25,882 - INFO - 正在发送数据到 http://localhost:5000/api/density...
2025-04-09 17:35:27,924 - INFO - 数据发送成功!
2025-04-09 17:35:35,883 - INFO - 估计人流密度: 0.1019 人/m², 预计人数: 20.4
2025-04-09 17:35:35,883 - INFO - 正在发送数据到 http://localhost:5000/api/density...
2025-04-09 17:35:37,951 - INFO - 数据发送成功!
2025-04-09 17:35:45,884 - INFO - 估计人流密度: 0.1021 人/m², 预计人数: 20.4
2025-04-09 17:35:45,884 - INFO - 正在发送数据到 http://localhost:5000/api/density...
2025-04-09 17:35:47,932 - INFO - 数据发送成功!
2025-04-09 17:35:55,885 - INFO - 估计人流密度: 0.1253 人/m², 预计人数: 25.1
2025-04-09 17:35:55,885 - INFO - 正在发送数据到 http://localhost:5000/api/density...
2025-04-09 17:35:57,922 - INFO - 数据发送成功!
2025-04-09 17:36:05,886 - INFO - 估计人流密度: 0.0802 人/m², 预计人数: 16.0
2025-04-09 17:36:05,886 - INFO - 正在发送数据到 http://localhost:5000/api/density...
2025-04-09 17:36:07,930 - INFO - 数据发送成功!
2025-04-09 17:36:15,886 - INFO - 估计人流密度: 0.0893 人/m², 预计人数: 17.9
2025-04-09 17:36:15,886 - INFO - 正在发送数据到 http://localhost:5000/api/density...
2025-04-09 17:36:17,928 - INFO - 数据发送成功!
2025-04-09 17:36:25,887 - INFO - 估计人流密度: 0.0725 人/m², 预计人数: 14.5
2025-04-09 17:36:25,887 - INFO - 正在发送数据到 http://localhost:5000/api/density...
2025-04-09 17:36:27,938 - INFO - 数据发送成功!
2025-04-09 17:36:35,888 - INFO - 估计人流密度: 0.0032 人/m², 预计人数: 0.6
2025-04-09 17:36:35,888 - INFO - 正在发送数据到 http://localhost:5000/api/density...
2025-04-09 17:36:37,945 - INFO - 数据发送成功!
2025-04-09 17:36:45,889 - INFO - 估计人流密度: 0.0493 人/m², 预计人数: 9.9
2025-04-09 17:36:45,890 - INFO - 正在发送数据到 http://localhost:5000/api/density...
2025-04-09 17:36:47,931 - INFO - 数据发送成功!
2025-04-09 17:36:55,890 - INFO - 估计人流密度: 0.0559 人/m², 预计人数: 11.2
2025-04-09 17:36:55,890 - INFO - 正在发送数据到 http://localhost:5000/api/density...
2025-04-09 17:36:57,949 - INFO - 数据发送成功!
2025-04-09 17:37:05,891 - INFO - 估计人流密度: 0.0677 人/m², 预计人数: 13.5
2025-04-09 17:37:05,891 - INFO - 正在发送数据到 http://localhost:5000/api/density...
2025-04-09 17:37:07,926 - INFO - 数据发送成功!
2025-04-09 17:37:15,892 - INFO - 估计人流密度: 0.0498 人/m², 预计人数: 10.0
2025-04-09 17:37:15,892 - INFO - 正在发送数据到 http://localhost:5000/api/density...
2025-04-09 17:37:17,941 - INFO - 数据发送成功!
2025-04-09 17:37:25,893 - INFO - 估计人流密度: 0.0876 人/m², 预计人数: 17.5
2025-04-09 17:37:25,893 - INFO - 正在发送数据到 http://localhost:5000/api/density...
2025-04-09 17:37:27,965 - INFO - 数据发送成功!
2025-04-09 17:37:35,894 - INFO - 估计人流密度: 0.0513 人/m², 预计人数: 10.3
2025-04-09 17:37:35,894 - INFO - 正在发送数据到 http://localhost:5000/api/density...
2025-04-09 17:37:37,948 - INFO - 数据发送成功!
2025-04-09 17:37:45,894 - INFO - 估计人流密度: 0.0652 人/m², 预计人数: 13.0
2025-04-09 17:37:45,894 - INFO - 正在发送数据到 http://localhost:5000/api/density...
2025-04-09 17:37:47,933 - INFO - 数据发送成功!
2025-04-09 17:37:55,895 - INFO - 估计人流密度: 0.0878 人/m², 预计人数: 17.6
2025-04-09 17:37:55,895 - INFO - 正在发送数据到 http://localhost:5000/api/density...
2025-04-09 17:37:57,943 - INFO - 数据发送成功!
2025-04-09 17:38:05,895 - INFO - 估计人流密度: 0.0648 人/m², 预计人数: 13.0
2025-04-09 17:38:05,895 - INFO - 正在发送数据到 http://localhost:5000/api/density...
2025-04-09 17:38:07,949 - INFO - 数据发送成功!
2025-04-09 17:38:15,896 - INFO - 估计人流密度: 0.0574 人/m², 预计人数: 11.5
2025-04-09 17:38:15,896 - INFO - 正在发送数据到 http://localhost:5000/api/density...
2025-04-09 17:38:17,961 - INFO - 数据发送成功!
2025-04-09 17:38:25,897 - INFO - 估计人流密度: 0.0262 人/m², 预计人数: 5.2
2025-04-09 17:38:25,897 - INFO - 正在发送数据到 http://localhost:5000/api/density...
2025-04-09 17:38:27,957 - INFO - 数据发送成功!
2025-04-09 17:38:35,898 - INFO - 估计人流密度: 0.0734 人/m², 预计人数: 14.7
2025-04-09 17:38:35,898 - INFO - 正在发送数据到 http://localhost:5000/api/density...
2025-04-09 17:38:37,942 - INFO - 数据发送成功!
2025-04-09 17:38:45,898 - INFO - 估计人流密度: 0.0775 人/m², 预计人数: 15.5
2025-04-09 17:38:45,898 - INFO - 正在发送数据到 http://localhost:5000/api/density...
2025-04-09 17:38:47,980 - INFO - 数据发送成功!
2025-04-09 17:38:55,899 - INFO - 估计人流密度: 0.0105 人/m², 预计人数: 2.1
2025-04-09 17:38:55,899 - INFO - 正在发送数据到 http://localhost:5000/api/density...
2025-04-09 17:38:57,965 - INFO - 数据发送成功!
2025-04-09 17:39:05,900 - INFO - 估计人流密度: 0.0068 人/m², 预计人数: 1.4
2025-04-09 17:39:05,900 - INFO - 正在发送数据到 http://localhost:5000/api/density...
2025-04-09 17:39:07,941 - INFO - 数据发送成功!
2025-04-09 17:39:15,900 - INFO - 估计人流密度: 0.0357 人/m², 预计人数: 7.1
2025-04-09 17:39:15,900 - INFO - 正在发送数据到 http://localhost:5000/api/density...
2025-04-09 17:39:17,978 - INFO - 数据发送成功!
2025-04-09 17:39:25,901 - INFO - 估计人流密度: 0.0289 人/m², 预计人数: 5.8
2025-04-09 17:39:25,901 - INFO - 正在发送数据到 http://localhost:5000/api/density...
2025-04-09 17:39:27,945 - INFO - 数据发送成功!
2025-04-09 17:39:35,902 - INFO - 估计人流密度: 0.0640 人/m², 预计人数: 12.8
2025-04-09 17:39:35,902 - INFO - 正在发送数据到 http://localhost:5000/api/density...
2025-04-09 17:39:37,952 - INFO - 数据发送成功!
2025-04-09 17:39:45,903 - INFO - 估计人流密度: 0.0937 人/m², 预计人数: 18.7
2025-04-09 17:39:45,903 - INFO - 正在发送数据到 http://localhost:5000/api/density...
2025-04-09 17:39:47,944 - INFO - 数据发送成功!
2025-04-09 17:39:55,904 - INFO - 估计人流密度: 0.1032 人/m², 预计人数: 20.6
2025-04-09 17:39:55,904 - INFO - 正在发送数据到 http://localhost:5000/api/density...
2025-04-09 17:39:57,951 - INFO - 数据发送成功!
2025-04-09 17:40:05,904 - INFO - 估计人流密度: 0.1026 人/m², 预计人数: 20.5
2025-04-09 17:40:05,904 - INFO - 正在发送数据到 http://localhost:5000/api/density...
2025-04-09 17:40:07,971 - INFO - 数据发送成功!
2025-04-09 17:40:15,905 - INFO - 估计人流密度: 0.1067 人/m², 预计人数: 21.3
2025-04-09 17:40:15,905 - INFO - 正在发送数据到 http://localhost:5000/api/density...
2025-04-09 17:40:17,975 - INFO - 数据发送成功!
2025-04-09 17:40:25,905 - INFO - 估计人流密度: 0.0401 人/m², 预计人数: 8.0
2025-04-09 17:40:25,905 - INFO - 正在发送数据到 http://localhost:5000/api/density...
2025-04-09 17:40:27,952 - INFO - 数据发送成功!
2025-04-09 17:40:35,905 - INFO - 估计人流密度: 0.0533 人/m², 预计人数: 10.7
2025-04-09 17:40:35,905 - INFO - 正在发送数据到 http://localhost:5000/api/density...
2025-04-09 17:40:37,944 - INFO - 数据发送成功!
2025-04-09 17:40:45,906 - INFO - 估计人流密度: 0.0727 人/m², 预计人数: 14.5
2025-04-09 17:40:45,907 - INFO - 正在发送数据到 http://localhost:5000/api/density...
2025-04-09 17:40:47,947 - INFO - 数据发送成功!
2025-04-09 17:40:55,906 - INFO - 估计人流密度: 0.0713 人/m², 预计人数: 14.3
2025-04-09 17:40:55,906 - INFO - 正在发送数据到 http://localhost:5000/api/density...
2025-04-09 17:40:57,966 - INFO - 数据发送成功!
2025-04-09 17:41:05,907 - INFO - 估计人流密度: 0.0961 人/m², 预计人数: 19.2
2025-04-09 17:41:05,907 - INFO - 正在发送数据到 http://localhost:5000/api/density...
2025-04-09 17:41:07,974 - INFO - 数据发送成功!
2025-04-09 17:41:15,908 - INFO - 估计人流密度: 0.0955 人/m², 预计人数: 19.1
2025-04-09 17:41:15,908 - INFO - 正在发送数据到 http://localhost:5000/api/density...
2025-04-09 17:41:17,965 - INFO - 数据发送成功!
2025-04-09 17:41:25,908 - INFO - 估计人流密度: 0.1113 人/m², 预计人数: 22.3
2025-04-09 17:41:25,908 - INFO - 正在发送数据到 http://localhost:5000/api/density...
2025-04-09 17:41:27,956 - INFO - 数据发送成功!
2025-04-09 17:41:35,909 - INFO - 估计人流密度: 0.0225 人/m², 预计人数: 4.5
2025-04-09 17:41:35,910 - INFO - 正在发送数据到 http://localhost:5000/api/density...
2025-04-09 17:41:37,954 - INFO - 数据发送成功!
2025-04-09 17:41:45,910 - INFO - 估计人流密度: 0.0638 人/m², 预计人数: 12.8
2025-04-09 17:41:45,911 - INFO - 正在发送数据到 http://localhost:5000/api/density...
2025-04-09 17:41:47,976 - INFO - 数据发送成功!
2025-04-09 17:41:55,911 - INFO - 估计人流密度: 0.0189 人/m², 预计人数: 3.8
2025-04-09 17:41:55,911 - INFO - 正在发送数据到 http://localhost:5000/api/density...
2025-04-09 17:41:57,958 - INFO - 数据发送成功!
2025-04-09 17:42:05,912 - INFO - 估计人流密度: 0.0145 人/m², 预计人数: 2.9
2025-04-09 17:42:05,912 - INFO - 正在发送数据到 http://localhost:5000/api/density...
2025-04-09 17:42:07,949 - INFO - 数据发送成功!
2025-04-09 17:42:15,912 - INFO - 估计人流密度: 0.0342 人/m², 预计人数: 6.8
2025-04-09 17:42:15,912 - INFO - 正在发送数据到 http://localhost:5000/api/density...
2025-04-09 17:42:17,965 - INFO - 数据发送成功!
2025-04-09 17:42:25,913 - INFO - 估计人流密度: 0.0717 人/m², 预计人数: 14.3
2025-04-09 17:42:25,913 - INFO - 正在发送数据到 http://localhost:5000/api/density...
2025-04-09 17:42:27,982 - INFO - 数据发送成功!
2025-04-09 17:42:35,914 - INFO - 估计人流密度: 0.0842 人/m², 预计人数: 16.8
2025-04-09 17:42:35,914 - INFO - 正在发送数据到 http://localhost:5000/api/density...
2025-04-09 17:42:37,972 - INFO - 数据发送成功!
2025-04-09 17:42:45,914 - INFO - 估计人流密度: 0.0652 人/m², 预计人数: 13.0
2025-04-09 17:42:45,914 - INFO - 正在发送数据到 http://localhost:5000/api/density...
2025-04-09 17:42:47,969 - INFO - 数据发送成功!
2025-04-09 17:42:55,915 - INFO - 估计人流密度: 0.0685 人/m², 预计人数: 13.7
2025-04-09 17:42:55,915 - INFO - 正在发送数据到 http://localhost:5000/api/density...
2025-04-09 17:42:57,983 - INFO - 数据发送成功!
2025-04-09 17:43:05,916 - INFO - 估计人流密度: 0.0523 人/m², 预计人数: 10.5
2025-04-09 17:43:05,916 - INFO - 正在发送数据到 http://localhost:5000/api/density...
2025-04-09 17:43:07,973 - INFO - 数据发送成功!
2025-04-09 17:43:15,917 - INFO - 估计人流密度: 0.0373 人/m², 预计人数: 7.5
2025-04-09 17:43:15,917 - INFO - 正在发送数据到 http://localhost:5000/api/density...
2025-04-09 17:43:17,968 - INFO - 数据发送成功!
2025-04-09 17:43:25,917 - INFO - 估计人流密度: 0.0587 人/m², 预计人数: 11.7
2025-04-09 17:43:25,917 - INFO - 正在发送数据到 http://localhost:5000/api/density...
2025-04-09 17:43:27,967 - INFO - 数据发送成功!
2025-04-09 17:43:35,918 - INFO - 估计人流密度: 0.0027 人/m², 预计人数: 0.5
2025-04-09 17:43:35,918 - INFO - 正在发送数据到 http://localhost:5000/api/density...
2025-04-09 17:43:37,964 - INFO - 数据发送成功!
2025-04-09 17:43:45,919 - INFO - 估计人流密度: 0.0415 人/m², 预计人数: 8.3
2025-04-09 17:43:45,919 - INFO - 正在发送数据到 http://localhost:5000/api/density...
2025-04-09 17:43:47,980 - INFO - 数据发送成功!
2025-04-09 17:43:55,920 - INFO - 估计人流密度: 0.0482 人/m², 预计人数: 9.6
2025-04-09 17:43:55,920 - INFO - 正在发送数据到 http://localhost:5000/api/density...
2025-04-09 17:43:57,974 - INFO - 数据发送成功!
2025-04-09 17:44:05,921 - INFO - 估计人流密度: 0.0867 人/m², 预计人数: 17.3
2025-04-09 17:44:05,921 - INFO - 正在发送数据到 http://localhost:5000/api/density...
2025-04-09 17:44:07,965 - INFO - 数据发送成功!
2025-04-09 17:44:15,921 - INFO - 估计人流密度: 0.0965 人/m², 预计人数: 19.3
2025-04-09 17:44:15,921 - INFO - 正在发送数据到 http://localhost:5000/api/density...
2025-04-09 17:44:17,978 - INFO - 数据发送成功!
2025-04-09 17:44:25,922 - INFO - 估计人流密度: 0.0654 人/m², 预计人数: 13.1
2025-04-09 17:44:25,922 - INFO - 正在发送数据到 http://localhost:5000/api/density...
2025-04-09 17:44:27,971 - INFO - 数据发送成功!
2025-04-09 17:44:35,923 - INFO - 估计人流密度: 0.0552 人/m², 预计人数: 11.0
2025-04-09 17:44:35,923 - INFO - 正在发送数据到 http://localhost:5000/api/density...
2025-04-09 17:44:37,973 - INFO - 数据发送成功!
2025-04-09 17:44:45,924 - INFO - 估计人流密度: 0.0610 人/m², 预计人数: 12.2
2025-04-09 17:44:45,924 - INFO - 正在发送数据到 http://localhost:5000/api/density...
2025-04-09 17:44:47,967 - INFO - 数据发送成功!
2025-04-09 17:44:55,924 - INFO - 估计人流密度: 0.0426 人/m², 预计人数: 8.5
2025-04-09 17:44:55,924 - INFO - 正在发送数据到 http://localhost:5000/api/density...
2025-04-09 17:44:57,988 - INFO - 数据发送成功!
2025-04-09 17:45:05,925 - INFO - 估计人流密度: 0.0485 人/m², 预计人数: 9.7
2025-04-09 17:45:05,926 - INFO - 正在发送数据到 http://localhost:5000/api/density...
2025-04-09 17:45:07,981 - INFO - 数据发送成功!
2025-04-09 17:45:15,925 - INFO - 估计人流密度: 0.0356 人/m², 预计人数: 7.1
2025-04-09 17:45:15,925 - INFO - 正在发送数据到 http://localhost:5000/api/density...
2025-04-09 17:45:17,975 - INFO - 数据发送成功!
2025-04-09 17:45:25,926 - INFO - 估计人流密度: 0.0642 人/m², 预计人数: 12.8
2025-04-09 17:45:25,926 - INFO - 正在发送数据到 http://localhost:5000/api/density...
2025-04-09 17:45:27,977 - INFO - 数据发送成功!
2025-04-09 17:45:35,927 - INFO - 估计人流密度: 0.0186 人/m², 预计人数: 3.7
2025-04-09 17:45:35,927 - INFO - 正在发送数据到 http://localhost:5000/api/density...
2025-04-09 17:45:37,959 - INFO - 数据发送成功!
2025-04-09 17:45:45,928 - INFO - 估计人流密度: 0.0144 人/m², 预计人数: 2.9
2025-04-09 17:45:45,928 - INFO - 正在发送数据到 http://localhost:5000/api/density...
2025-04-09 17:45:47,961 - INFO - 数据发送成功!
2025-04-09 17:45:55,929 - INFO - 估计人流密度: 0.0311 人/m², 预计人数: 6.2
2025-04-09 17:45:55,929 - INFO - 正在发送数据到 http://localhost:5000/api/density...
2025-04-09 17:45:57,998 - INFO - 数据发送成功!
2025-04-09 17:46:05,930 - INFO - 估计人流密度: 0.0499 人/m², 预计人数: 10.0
2025-04-09 17:46:05,930 - INFO - 正在发送数据到 http://localhost:5000/api/density...
2025-04-09 17:46:07,989 - INFO - 数据发送成功!
2025-04-09 17:46:15,930 - INFO - 估计人流密度: 0.0483 人/m², 预计人数: 9.7
2025-04-09 17:46:15,930 - INFO - 正在发送数据到 http://localhost:5000/api/density...
2025-04-09 17:46:17,974 - INFO - 数据发送成功!
2025-04-09 17:46:25,931 - INFO - 估计人流密度: 0.0615 人/m², 预计人数: 12.3
2025-04-09 17:46:25,931 - INFO - 正在发送数据到 http://localhost:5000/api/density...
2025-04-09 17:46:27,983 - INFO - 数据发送成功!
2025-04-09 17:46:35,931 - INFO - 估计人流密度: 0.0880 人/m², 预计人数: 17.6
2025-04-09 17:46:35,931 - INFO - 正在发送数据到 http://localhost:5000/api/density...
2025-04-09 17:46:37,977 - INFO - 数据发送成功!
2025-04-09 17:46:45,932 - INFO - 估计人流密度: 0.0714 人/m², 预计人数: 14.3
2025-04-09 17:46:45,932 - INFO - 正在发送数据到 http://localhost:5000/api/density...
2025-04-09 17:46:47,987 - INFO - 数据发送成功!
2025-04-09 17:46:55,932 - INFO - 估计人流密度: 0.0953 人/m², 预计人数: 19.1
2025-04-09 17:46:55,932 - INFO - 正在发送数据到 http://localhost:5000/api/density...
2025-04-09 17:46:57,975 - INFO - 数据发送成功!
2025-04-09 17:47:05,933 - INFO - 估计人流密度: 0.0379 人/m², 预计人数: 7.6
2025-04-09 17:47:05,934 - INFO - 正在发送数据到 http://localhost:5000/api/density...
2025-04-09 17:47:07,983 - INFO - 数据发送成功!
2025-04-09 17:47:15,934 - INFO - 估计人流密度: 0.0422 人/m², 预计人数: 8.4
2025-04-09 17:47:15,934 - INFO - 正在发送数据到 http://localhost:5000/api/density...
2025-04-09 17:47:17,988 - INFO - 数据发送成功!
2025-04-09 17:47:25,935 - INFO - 估计人流密度: 0.0805 人/m², 预计人数: 16.1
2025-04-09 17:47:25,935 - INFO - 正在发送数据到 http://localhost:5000/api/density...
2025-04-09 17:47:27,993 - INFO - 数据发送成功!
2025-04-09 17:47:35,936 - INFO - 估计人流密度: 0.0728 人/m², 预计人数: 14.6
2025-04-09 17:47:35,936 - INFO - 正在发送数据到 http://localhost:5000/api/density...
2025-04-09 17:47:38,025 - INFO - 数据发送成功!
2025-04-09 17:47:45,937 - INFO - 估计人流密度: 0.0353 人/m², 预计人数: 7.1
2025-04-09 17:47:45,937 - INFO - 正在发送数据到 http://localhost:5000/api/density...
2025-04-09 17:47:47,987 - INFO - 数据发送成功!
2025-04-09 17:47:55,937 - INFO - 估计人流密度: 0.0565 人/m², 预计人数: 11.3
2025-04-09 17:47:55,937 - INFO - 正在发送数据到 http://localhost:5000/api/density...
2025-04-09 17:47:57,996 - INFO - 数据发送成功!
2025-04-09 17:48:05,938 - INFO - 估计人流密度: 0.0027 人/m², 预计人数: 0.5
2025-04-09 17:48:05,938 - INFO - 正在发送数据到 http://localhost:5000/api/density...
2025-04-09 17:48:07,999 - INFO - 数据发送成功!
2025-04-09 17:48:15,940 - INFO - 估计人流密度: 0.0502 人/m², 预计人数: 10.0
2025-04-09 17:48:15,940 - INFO - 正在发送数据到 http://localhost:5000/api/density...
2025-04-09 17:48:17,994 - INFO - 数据发送成功!
2025-04-09 17:48:25,940 - INFO - 估计人流密度: 0.0660 人/m², 预计人数: 13.2
2025-04-09 17:48:25,940 - INFO - 正在发送数据到 http://localhost:5000/api/density...
2025-04-09 17:48:28,008 - INFO - 数据发送成功!
2025-04-09 17:48:35,940 - INFO - 估计人流密度: 0.0532 人/m², 预计人数: 10.6
2025-04-09 17:48:35,940 - INFO - 正在发送数据到 http://localhost:5000/api/density...
2025-04-09 17:48:38,006 - INFO - 数据发送成功!
2025-04-09 17:48:45,941 - INFO - 估计人流密度: 0.0736 人/m², 预计人数: 14.7
2025-04-09 17:48:45,941 - INFO - 正在发送数据到 http://localhost:5000/api/density...
2025-04-09 17:48:47,993 - INFO - 数据发送成功!
2025-04-09 17:48:55,942 - INFO - 估计人流密度: 0.0197 人/m², 预计人数: 3.9
2025-04-09 17:48:55,942 - INFO - 正在发送数据到 http://localhost:5000/api/density...
2025-04-09 17:48:57,989 - INFO - 数据发送成功!
2025-04-09 17:49:05,943 - INFO - 估计人流密度: 0.0416 人/m², 预计人数: 8.3
2025-04-09 17:49:05,944 - INFO - 正在发送数据到 http://localhost:5000/api/density...
2025-04-09 17:49:07,988 - INFO - 数据发送成功!
2025-04-09 17:49:15,945 - INFO - 估计人流密度: 0.0705 人/m², 预计人数: 14.1
2025-04-09 17:49:15,945 - INFO - 正在发送数据到 http://localhost:5000/api/density...
2025-04-09 17:49:18,021 - INFO - 数据发送成功!
2025-04-09 17:49:25,945 - INFO - 估计人流密度: 0.0707 人/m², 预计人数: 14.1
2025-04-09 17:49:25,945 - INFO - 正在发送数据到 http://localhost:5000/api/density...
2025-04-09 17:49:27,988 - INFO - 数据发送成功!
2025-04-09 17:49:35,946 - INFO - 估计人流密度: 0.0901 人/m², 预计人数: 18.0
2025-04-09 17:49:35,946 - INFO - 正在发送数据到 http://localhost:5000/api/density...
2025-04-09 17:49:38,005 - INFO - 数据发送成功!
2025-04-09 17:49:45,947 - INFO - 估计人流密度: 0.0814 人/m², 预计人数: 16.3
2025-04-09 17:49:45,947 - INFO - 正在发送数据到 http://localhost:5000/api/density...
2025-04-09 17:49:47,985 - INFO - 数据发送成功!
2025-04-09 17:49:55,948 - INFO - 估计人流密度: 0.1108 人/m², 预计人数: 22.2
2025-04-09 17:49:55,948 - INFO - 正在发送数据到 http://localhost:5000/api/density...
2025-04-09 17:49:58,018 - INFO - 数据发送成功!
2025-04-09 17:50:05,949 - INFO - 估计人流密度: 0.0038 人/m², 预计人数: 0.8
2025-04-09 17:50:05,949 - INFO - 正在发送数据到 http://localhost:5000/api/density...
2025-04-09 17:50:08,032 - INFO - 数据发送成功!
2025-04-09 17:50:15,949 - INFO - 估计人流密度: 0.0425 人/m², 预计人数: 8.5
2025-04-09 17:50:15,949 - INFO - 正在发送数据到 http://localhost:5000/api/density...
2025-04-09 17:50:17,987 - INFO - 数据发送成功!
2025-04-09 17:50:25,950 - INFO - 估计人流密度: 0.0022 人/m², 预计人数: 0.4
2025-04-09 17:50:25,950 - INFO - 正在发送数据到 http://localhost:5000/api/density...
2025-04-09 17:50:27,995 - INFO - 数据发送成功!
2025-04-09 17:50:35,951 - INFO - 估计人流密度: 0.0442 人/m², 预计人数: 8.8
2025-04-09 17:50:35,951 - INFO - 正在发送数据到 http://localhost:5000/api/density...
2025-04-09 17:50:38,023 - INFO - 数据发送成功!
2025-04-09 17:50:45,952 - INFO - 估计人流密度: 0.0483 人/m², 预计人数: 9.7
2025-04-09 17:50:45,952 - INFO - 正在发送数据到 http://localhost:5000/api/density...
2025-04-09 17:50:48,012 - INFO - 数据发送成功!
2025-04-09 17:50:55,953 - INFO - 估计人流密度: 0.0897 人/m², 预计人数: 17.9
2025-04-09 17:50:55,953 - INFO - 正在发送数据到 http://localhost:5000/api/density...
2025-04-09 17:50:58,009 - INFO - 数据发送成功!
2025-04-09 17:51:05,953 - INFO - 估计人流密度: 0.0968 人/m², 预计人数: 19.4
2025-04-09 17:51:05,953 - INFO - 正在发送数据到 http://localhost:5000/api/density...
2025-04-09 17:51:07,989 - INFO - 数据发送成功!
2025-04-09 17:51:15,954 - INFO - 估计人流密度: 0.0883 人/m², 预计人数: 17.7
2025-04-09 17:51:15,954 - INFO - 正在发送数据到 http://localhost:5000/api/density...
2025-04-09 17:51:18,027 - INFO - 数据发送成功!
2025-04-09 17:51:25,954 - INFO - 估计人流密度: 0.1103 人/m², 预计人数: 22.1
2025-04-09 17:51:25,954 - INFO - 正在发送数据到 http://localhost:5000/api/density...
2025-04-09 17:51:28,031 - INFO - 数据发送成功!
2025-04-09 17:51:35,955 - INFO - 估计人流密度: 0.1312 人/m², 预计人数: 26.2
2025-04-09 17:51:35,955 - INFO - 正在发送数据到 http://localhost:5000/api/density...
2025-04-09 17:51:37,993 - INFO - 数据发送成功!
2025-04-09 17:51:45,956 - INFO - 估计人流密度: 0.1112 人/m², 预计人数: 22.2
2025-04-09 17:51:45,956 - INFO - 正在发送数据到 http://localhost:5000/api/density...
2025-04-09 17:51:48,015 - INFO - 数据发送成功!
2025-04-09 17:51:55,957 - INFO - 估计人流密度: 0.1262 人/m², 预计人数: 25.2
2025-04-09 17:51:55,957 - INFO - 正在发送数据到 http://localhost:5000/api/density...
2025-04-09 17:51:58,029 - INFO - 数据发送成功!
2025-04-09 17:52:05,958 - INFO - 估计人流密度: 0.0984 人/m², 预计人数: 19.7
2025-04-09 17:52:05,958 - INFO - 正在发送数据到 http://localhost:5000/api/density...
2025-04-09 17:52:08,008 - INFO - 数据发送成功!
2025-04-09 17:52:15,959 - INFO - 估计人流密度: 0.1064 人/m², 预计人数: 21.3
2025-04-09 17:52:15,959 - INFO - 正在发送数据到 http://localhost:5000/api/density...
2025-04-09 17:52:18,045 - INFO - 数据发送成功!
2025-04-09 17:52:25,959 - INFO - 估计人流密度: 0.1081 人/m², 预计人数: 21.6
2025-04-09 17:52:25,959 - INFO - 正在发送数据到 http://localhost:5000/api/density...
2025-04-09 17:52:28,042 - INFO - 数据发送成功!
2025-04-09 17:52:35,960 - INFO - 估计人流密度: 0.1102 人/m², 预计人数: 22.0
2025-04-09 17:52:35,960 - INFO - 正在发送数据到 http://localhost:5000/api/density...
2025-04-09 17:52:38,002 - INFO - 数据发送成功!
2025-04-09 17:52:45,961 - INFO - 估计人流密度: 0.0629 人/m², 预计人数: 12.6
2025-04-09 17:52:45,961 - INFO - 正在发送数据到 http://localhost:5000/api/density...
2025-04-09 17:52:48,023 - INFO - 数据发送成功!
2025-04-09 17:52:55,961 - INFO - 估计人流密度: 0.0809 人/m², 预计人数: 16.2
2025-04-09 17:52:55,961 - INFO - 正在发送数据到 http://localhost:5000/api/density...
2025-04-09 17:52:58,006 - INFO - 数据发送成功!
2025-04-09 17:53:05,962 - INFO - 估计人流密度: 0.0611 人/m², 预计人数: 12.2
2025-04-09 17:53:05,962 - INFO - 正在发送数据到 http://localhost:5000/api/density...
2025-04-09 17:53:08,029 - INFO - 数据发送成功!
2025-04-09 17:53:15,962 - INFO - 估计人流密度: 0.0568 人/m², 预计人数: 11.4
2025-04-09 17:53:15,962 - INFO - 正在发送数据到 http://localhost:5000/api/density...
2025-04-09 17:53:18,014 - INFO - 数据发送成功!
2025-04-09 17:53:25,963 - INFO - 估计人流密度: 0.0748 人/m², 预计人数: 15.0
2025-04-09 17:53:25,963 - INFO - 正在发送数据到 http://localhost:5000/api/density...
2025-04-09 17:53:28,115 - INFO - 数据发送成功!
2025-04-09 17:53:35,963 - INFO - 估计人流密度: 0.0947 人/m², 预计人数: 18.9
2025-04-09 17:53:35,963 - INFO - 正在发送数据到 http://localhost:5000/api/density...
2025-04-09 17:53:38,036 - INFO - 数据发送成功!
2025-04-09 17:53:45,964 - INFO - 估计人流密度: 0.0301 人/m², 预计人数: 6.0
2025-04-09 17:53:45,964 - INFO - 正在发送数据到 http://localhost:5000/api/density...
2025-04-09 17:53:48,008 - INFO - 数据发送成功!
2025-04-09 17:53:55,964 - INFO - 估计人流密度: 0.0518 人/m², 预计人数: 10.4
2025-04-09 17:53:55,964 - INFO - 正在发送数据到 http://localhost:5000/api/density...
2025-04-09 17:53:58,027 - INFO - 数据发送成功!
2025-04-09 17:54:05,965 - INFO - 估计人流密度: 0.0823 人/m², 预计人数: 16.5
2025-04-09 17:54:05,965 - INFO - 正在发送数据到 http://localhost:5000/api/density...
2025-04-09 17:54:08,036 - INFO - 数据发送成功!
2025-04-09 17:54:15,966 - INFO - 估计人流密度: 0.1009 人/m², 预计人数: 20.2
2025-04-09 17:54:15,966 - INFO - 正在发送数据到 http://localhost:5000/api/density...
2025-04-09 17:54:18,040 - INFO - 数据发送成功!
2025-04-09 17:54:25,967 - INFO - 估计人流密度: 0.1111 人/m², 预计人数: 22.2
2025-04-09 17:54:25,967 - INFO - 正在发送数据到 http://localhost:5000/api/density...
2025-04-09 17:54:28,018 - INFO - 数据发送成功!
2025-04-09 17:54:35,968 - INFO - 估计人流密度: 0.1002 人/m², 预计人数: 20.0
2025-04-09 17:54:35,968 - INFO - 正在发送数据到 http://localhost:5000/api/density...
2025-04-09 17:54:38,030 - INFO - 数据发送成功!
2025-04-09 17:54:45,969 - INFO - 估计人流密度: 0.0532 人/m², 预计人数: 10.6
2025-04-09 17:54:45,969 - INFO - 正在发送数据到 http://localhost:5000/api/density...
2025-04-09 17:54:48,025 - INFO - 数据发送成功!
2025-04-09 17:54:55,969 - INFO - 估计人流密度: 0.0945 人/m², 预计人数: 18.9
2025-04-09 17:54:55,969 - INFO - 正在发送数据到 http://localhost:5000/api/density...
2025-04-09 17:54:58,007 - INFO - 数据发送成功!
2025-04-09 17:55:05,970 - INFO - 估计人流密度: 0.0113 人/m², 预计人数: 2.3
2025-04-09 17:55:05,970 - INFO - 正在发送数据到 http://localhost:5000/api/density...
2025-04-09 17:55:08,019 - INFO - 数据发送成功!
2025-04-09 17:55:15,971 - INFO - 估计人流密度: 0.0524 人/m², 预计人数: 10.5
2025-04-09 17:55:15,971 - INFO - 正在发送数据到 http://localhost:5000/api/density...
2025-04-09 17:55:18,030 - INFO - 数据发送成功!
2025-04-09 17:55:25,972 - INFO - 估计人流密度: 0.0681 人/m², 预计人数: 13.6
2025-04-09 17:55:25,972 - INFO - 正在发送数据到 http://localhost:5000/api/density...
2025-04-09 17:55:28,054 - INFO - 数据发送成功!
2025-04-09 17:55:35,973 - INFO - 估计人流密度: 0.0793 人/m², 预计人数: 15.9
2025-04-09 17:55:35,973 - INFO - 正在发送数据到 http://localhost:5000/api/density...
2025-04-09 17:55:38,037 - INFO - 数据发送成功!
2025-04-09 17:55:45,974 - INFO - 估计人流密度: 0.1087 人/m², 预计人数: 21.7
2025-04-09 17:55:45,974 - INFO - 正在发送数据到 http://localhost:5000/api/density...
2025-04-09 17:55:48,060 - INFO - 数据发送成功!
2025-04-09 17:55:55,974 - INFO - 估计人流密度: 0.1176 人/m², 预计人数: 23.5
2025-04-09 17:55:55,974 - INFO - 正在发送数据到 http://localhost:5000/api/density...
2025-04-09 17:55:58,030 - INFO - 数据发送成功!
2025-04-09 17:56:05,975 - INFO - 估计人流密度: 0.0492 人/m², 预计人数: 9.8
2025-04-09 17:56:05,975 - INFO - 正在发送数据到 http://localhost:5000/api/density...
2025-04-09 17:56:08,040 - INFO - 数据发送成功!
2025-04-09 17:56:15,976 - INFO - 估计人流密度: 0.0742 人/m², 预计人数: 14.8
2025-04-09 17:56:15,976 - INFO - 正在发送数据到 http://localhost:5000/api/density...
2025-04-09 17:56:18,026 - INFO - 数据发送成功!
2025-04-09 17:56:25,978 - INFO - 估计人流密度: 0.0978 人/m², 预计人数: 19.6
2025-04-09 17:56:25,978 - INFO - 正在发送数据到 http://localhost:5000/api/density...
2025-04-09 17:56:28,029 - INFO - 数据发送成功!
2025-04-09 17:56:35,978 - INFO - 估计人流密度: 0.0753 人/m², 预计人数: 15.1
2025-04-09 17:56:35,979 - INFO - 正在发送数据到 http://localhost:5000/api/density...
2025-04-09 17:56:38,046 - INFO - 数据发送成功!
2025-04-09 17:56:45,978 - INFO - 估计人流密度: 0.0978 人/m², 预计人数: 19.6
2025-04-09 17:56:45,978 - INFO - 正在发送数据到 http://localhost:5000/api/density...
2025-04-09 17:56:48,026 - INFO - 数据发送成功!
2025-04-09 17:56:55,979 - INFO - 估计人流密度: 0.0707 人/m², 预计人数: 14.1
2025-04-09 17:56:55,979 - INFO - 正在发送数据到 http://localhost:5000/api/density...
2025-04-09 17:56:58,018 - INFO - 数据发送成功!
2025-04-09 17:57:05,979 - INFO - 估计人流密度: 0.0390 人/m², 预计人数: 7.8
2025-04-09 17:57:05,979 - INFO - 正在发送数据到 http://localhost:5000/api/density...
2025-04-09 17:57:08,044 - INFO - 数据发送成功!
2025-04-09 17:57:15,979 - INFO - 估计人流密度: 0.0790 人/m², 预计人数: 15.8
2025-04-09 17:57:15,979 - INFO - 正在发送数据到 http://localhost:5000/api/density...
2025-04-09 17:57:18,034 - INFO - 数据发送成功!
2025-04-09 17:57:25,980 - INFO - 估计人流密度: 0.0712 人/m², 预计人数: 14.2
2025-04-09 17:57:25,981 - INFO - 正在发送数据到 http://localhost:5000/api/density...
