2025-04-07 18:06:11,850 - INFO - 应用服务启动...
2025-04-07 18:06:12,034 - INFO - 接收到数据: density_client_20250407180607 - 图书馆入口
2025-04-07 18:06:19,999 - INFO - 接收到数据: density_client_20250407180607 - 图书馆入口
2025-04-07 18:06:30,011 - INFO - 接收到数据: density_client_20250407180607 - 图书馆入口
2025-04-07 18:06:40,002 - INFO - 接收到数据: density_client_20250407180607 - 图书馆入口
2025-04-07 18:06:50,004 - INFO - 接收到数据: density_client_20250407180607 - 图书馆入口
2025-04-07 18:07:00,017 - INFO - 接收到数据: density_client_20250407180607 - 图书馆入口
2025-04-07 18:07:10,026 - INFO - 接收到数据: density_client_20250407180607 - 图书馆入口
2025-04-07 18:07:20,016 - INFO - 接收到数据: density_client_20250407180607 - 图书馆入口
2025-04-07 18:07:30,009 - INFO - 接收到数据: density_client_20250407180607 - 图书馆入口
2025-04-07 18:07:40,044 - INFO - 接收到数据: density_client_20250407180607 - 图书馆入口
2025-04-07 18:07:50,038 - INFO - 接收到数据: density_client_20250407180607 - 图书馆入口
2025-04-07 18:08:00,038 - INFO - 接收到数据: density_client_20250407180607 - 图书馆入口
2025-04-07 18:08:10,055 - INFO - 接收到数据: density_client_20250407180607 - 图书馆入口
2025-04-07 18:08:20,036 - INFO - 接收到数据: density_client_20250407180607 - 图书馆入口
2025-04-07 18:08:30,033 - INFO - 接收到数据: density_client_20250407180607 - 图书馆入口
2025-04-07 18:08:40,046 - INFO - 接收到数据: density_client_20250407180607 - 图书馆入口
2025-04-07 18:08:50,033 - INFO - 接收到数据: density_client_20250407180607 - 图书馆入口
2025-04-07 18:09:00,076 - INFO - 接收到数据: density_client_20250407180607 - 图书馆入口
2025-04-07 18:09:10,046 - INFO - 接收到数据: density_client_20250407180607 - 图书馆入口
2025-04-07 18:09:20,052 - INFO - 接收到数据: density_client_20250407180607 - 图书馆入口
2025-04-07 18:09:30,081 - INFO - 接收到数据: density_client_20250407180607 - 图书馆入口
2025-04-07 18:09:40,067 - INFO - 接收到数据: density_client_20250407180607 - 图书馆入口
2025-04-07 18:09:50,054 - INFO - 接收到数据: density_client_20250407180607 - 图书馆入口
2025-04-07 18:10:00,035 - INFO - 接收到数据: density_client_20250407180607 - 图书馆入口
2025-04-07 18:10:10,041 - INFO - 接收到数据: density_client_20250407180607 - 图书馆入口
2025-04-07 18:10:20,053 - INFO - 接收到数据: density_client_20250407180607 - 图书馆入口
2025-04-07 18:10:30,049 - INFO - 接收到数据: density_client_20250407180607 - 图书馆入口
2025-04-07 18:10:40,067 - INFO - 接收到数据: density_client_20250407180607 - 图书馆入口
2025-04-07 18:10:50,084 - INFO - 接收到数据: density_client_20250407180607 - 图书馆入口
2025-04-07 18:11:00,057 - INFO - 接收到数据: density_client_20250407180607 - 图书馆入口
2025-04-07 18:11:10,062 - INFO - 接收到数据: density_client_20250407180607 - 图书馆入口
2025-04-07 18:11:20,078 - INFO - 接收到数据: density_client_20250407180607 - 图书馆入口
2025-04-07 18:11:30,079 - INFO - 接收到数据: density_client_20250407180607 - 图书馆入口
2025-04-07 18:11:40,057 - INFO - 接收到数据: density_client_20250407180607 - 图书馆入口
2025-04-07 18:11:50,084 - INFO - 接收到数据: density_client_20250407180607 - 图书馆入口
2025-04-07 18:12:00,066 - INFO - 接收到数据: density_client_20250407180607 - 图书馆入口
2025-04-07 18:12:10,052 - INFO - 接收到数据: density_client_20250407180607 - 图书馆入口
2025-04-07 18:12:20,089 - INFO - 接收到数据: density_client_20250407180607 - 图书馆入口
2025-04-07 18:12:30,084 - INFO - 接收到数据: density_client_20250407180607 - 图书馆入口
2025-04-07 18:12:40,097 - INFO - 接收到数据: density_client_20250407180607 - 图书馆入口
2025-04-07 18:12:50,063 - INFO - 接收到数据: density_client_20250407180607 - 图书馆入口
2025-04-07 18:13:00,058 - INFO - 接收到数据: density_client_20250407180607 - 图书馆入口
2025-04-07 18:13:10,079 - INFO - 接收到数据: density_client_20250407180607 - 图书馆入口
2025-04-07 18:13:20,086 - INFO - 接收到数据: density_client_20250407180607 - 图书馆入口
2025-04-07 18:13:30,099 - INFO - 接收到数据: density_client_20250407180607 - 图书馆入口
2025-04-07 18:13:40,089 - INFO - 接收到数据: density_client_20250407180607 - 图书馆入口
2025-04-07 18:13:50,079 - INFO - 接收到数据: density_client_20250407180607 - 图书馆入口
2025-04-07 18:14:00,102 - INFO - 接收到数据: density_client_20250407180607 - 图书馆入口
2025-04-07 18:14:10,098 - INFO - 接收到数据: density_client_20250407180607 - 图书馆入口
2025-04-07 18:14:20,090 - INFO - 接收到数据: density_client_20250407180607 - 图书馆入口
2025-04-07 18:14:30,111 - INFO - 接收到数据: density_client_20250407180607 - 图书馆入口
2025-04-07 18:14:40,095 - INFO - 接收到数据: density_client_20250407180607 - 图书馆入口
2025-04-07 18:14:50,090 - INFO - 接收到数据: density_client_20250407180607 - 图书馆入口
2025-04-07 18:15:00,100 - INFO - 接收到数据: density_client_20250407180607 - 图书馆入口
2025-04-07 18:15:10,118 - INFO - 接收到数据: density_client_20250407180607 - 图书馆入口
2025-04-07 18:15:20,090 - INFO - 接收到数据: density_client_20250407180607 - 图书馆入口
2025-04-07 18:15:30,096 - INFO - 接收到数据: density_client_20250407180607 - 图书馆入口
2025-04-07 18:15:40,122 - INFO - 接收到数据: density_client_20250407180607 - 图书馆入口
2025-04-07 18:15:50,132 - INFO - 接收到数据: density_client_20250407180607 - 图书馆入口
2025-04-07 18:16:00,150 - INFO - 接收到数据: density_client_20250407180607 - 图书馆入口
2025-04-07 18:16:10,141 - INFO - 接收到数据: density_client_20250407180607 - 图书馆入口
2025-04-07 18:16:20,114 - INFO - 接收到数据: density_client_20250407180607 - 图书馆入口
2025-04-07 18:16:30,107 - INFO - 接收到数据: density_client_20250407180607 - 图书馆入口
2025-04-07 18:16:40,122 - INFO - 接收到数据: density_client_20250407180607 - 图书馆入口
2025-04-07 18:16:50,135 - INFO - 接收到数据: density_client_20250407180607 - 图书馆入口
2025-04-07 18:17:00,126 - INFO - 接收到数据: density_client_20250407180607 - 图书馆入口
2025-04-07 18:17:10,108 - INFO - 接收到数据: density_client_20250407180607 - 图书馆入口
2025-04-07 18:17:20,161 - INFO - 接收到数据: density_client_20250407180607 - 图书馆入口
2025-04-07 18:17:30,125 - INFO - 接收到数据: density_client_20250407180607 - 图书馆入口
2025-04-07 18:17:40,154 - INFO - 接收到数据: density_client_20250407180607 - 图书馆入口
2025-04-07 18:17:50,128 - INFO - 接收到数据: density_client_20250407180607 - 图书馆入口
2025-04-07 18:18:00,143 - INFO - 接收到数据: density_client_20250407180607 - 图书馆入口
2025-04-07 18:18:10,138 - INFO - 接收到数据: density_client_20250407180607 - 图书馆入口
2025-04-07 18:18:20,125 - INFO - 接收到数据: density_client_20250407180607 - 图书馆入口
2025-04-07 18:18:30,160 - INFO - 接收到数据: density_client_20250407180607 - 图书馆入口
2025-04-07 18:18:40,130 - INFO - 接收到数据: density_client_20250407180607 - 图书馆入口
2025-04-07 18:18:50,155 - INFO - 接收到数据: density_client_20250407180607 - 图书馆入口
2025-04-07 18:19:00,146 - INFO - 接收到数据: density_client_20250407180607 - 图书馆入口
2025-04-07 18:19:10,165 - INFO - 接收到数据: density_client_20250407180607 - 图书馆入口
2025-04-07 18:19:20,150 - INFO - 接收到数据: density_client_20250407180607 - 图书馆入口
2025-04-07 18:19:30,163 - INFO - 接收到数据: density_client_20250407180607 - 图书馆入口
2025-04-07 18:19:40,160 - INFO - 接收到数据: density_client_20250407180607 - 图书馆入口
2025-04-07 18:19:50,152 - INFO - 接收到数据: density_client_20250407180607 - 图书馆入口
2025-04-07 18:20:00,181 - INFO - 接收到数据: density_client_20250407180607 - 图书馆入口
2025-04-07 18:20:10,171 - INFO - 接收到数据: density_client_20250407180607 - 图书馆入口
2025-04-07 18:20:20,176 - INFO - 接收到数据: density_client_20250407180607 - 图书馆入口
2025-04-07 18:20:30,199 - INFO - 接收到数据: density_client_20250407180607 - 图书馆入口
2025-04-07 18:20:40,160 - INFO - 接收到数据: density_client_20250407180607 - 图书馆入口
2025-04-07 18:20:50,179 - INFO - 接收到数据: density_client_20250407180607 - 图书馆入口
2025-04-07 18:21:00,202 - INFO - 接收到数据: density_client_20250407180607 - 图书馆入口
2025-04-07 18:21:10,191 - INFO - 接收到数据: density_client_20250407180607 - 图书馆入口
2025-04-07 18:21:20,192 - INFO - 接收到数据: density_client_20250407180607 - 图书馆入口
2025-04-07 18:21:30,208 - INFO - 接收到数据: density_client_20250407180607 - 图书馆入口
2025-04-07 18:21:40,209 - INFO - 接收到数据: density_client_20250407180607 - 图书馆入口
2025-04-07 18:21:50,212 - INFO - 接收到数据: density_client_20250407180607 - 图书馆入口
2025-04-07 18:22:00,206 - INFO - 接收到数据: density_client_20250407180607 - 图书馆入口
2025-04-07 18:22:10,202 - INFO - 接收到数据: density_client_20250407180607 - 图书馆入口
2025-04-07 18:22:20,189 - INFO - 接收到数据: density_client_20250407180607 - 图书馆入口
2025-04-07 18:22:30,191 - INFO - 接收到数据: density_client_20250407180607 - 图书馆入口
2025-04-07 18:22:40,202 - INFO - 成功保存 100 条数据到 density_data\density_data_20250407.json
2025-04-07 18:22:40,202 - INFO - 接收到数据: density_client_20250407180607 - 图书馆入口
2025-04-07 18:22:50,182 - INFO - 接收到数据: density_client_20250407180607 - 图书馆入口
2025-04-07 18:23:00,196 - INFO - 接收到数据: density_client_20250407180607 - 图书馆入口
2025-04-07 18:23:10,205 - INFO - 接收到数据: density_client_20250407180607 - 图书馆入口
2025-04-07 18:23:10,948 - INFO - 应用关闭中...
2025-04-07 18:23:10,954 - INFO - 成功保存 3 条数据到 density_data\density_data_20250407.json
2025-04-07 18:23:10,954 - INFO - 应用关闭，已保存 3 条数据
2025-04-07 19:55:19,094 - INFO - 应用服务启动...
2025-04-07 19:55:35,610 - INFO - 接收到数据: density_client_20250407195533 - 图书馆入口
2025-04-07 19:55:45,617 - INFO - 接收到数据: density_client_20250407195533 - 图书馆入口
2025-04-07 19:55:55,606 - INFO - 接收到数据: density_client_20250407195533 - 图书馆入口
2025-04-07 19:56:05,647 - INFO - 接收到数据: density_client_20250407195533 - 图书馆入口
2025-04-07 19:56:15,605 - INFO - 接收到数据: density_client_20250407195533 - 图书馆入口
2025-04-07 19:56:25,658 - INFO - 接收到数据: density_client_20250407195533 - 图书馆入口
2025-04-07 19:56:35,641 - INFO - 接收到数据: density_client_20250407195533 - 图书馆入口
2025-04-07 19:56:45,630 - INFO - 接收到数据: density_client_20250407195533 - 图书馆入口
2025-04-07 19:56:55,629 - INFO - 接收到数据: density_client_20250407195533 - 图书馆入口
2025-04-07 19:57:05,636 - INFO - 接收到数据: density_client_20250407195533 - 图书馆入口
2025-04-07 19:57:15,628 - INFO - 接收到数据: density_client_20250407195533 - 图书馆入口
2025-04-07 19:57:25,633 - INFO - 接收到数据: density_client_20250407195533 - 图书馆入口
2025-04-07 19:57:35,631 - INFO - 接收到数据: density_client_20250407195533 - 图书馆入口
2025-04-07 19:57:45,651 - INFO - 接收到数据: density_client_20250407195533 - 图书馆入口
2025-04-07 19:57:55,659 - INFO - 接收到数据: density_client_20250407195533 - 图书馆入口
2025-04-07 19:58:05,639 - INFO - 接收到数据: density_client_20250407195533 - 图书馆入口
2025-04-07 19:58:15,652 - INFO - 接收到数据: density_client_20250407195533 - 图书馆入口
2025-04-07 19:58:25,659 - INFO - 接收到数据: density_client_20250407195533 - 图书馆入口
2025-04-07 19:58:35,664 - INFO - 接收到数据: density_client_20250407195533 - 图书馆入口
2025-04-07 19:58:45,642 - INFO - 接收到数据: density_client_20250407195533 - 图书馆入口
2025-04-07 19:58:55,679 - INFO - 接收到数据: density_client_20250407195533 - 图书馆入口
2025-04-07 19:59:05,645 - INFO - 接收到数据: density_client_20250407195533 - 图书馆入口
2025-04-07 19:59:15,676 - INFO - 接收到数据: density_client_20250407195533 - 图书馆入口
2025-04-07 19:59:25,665 - INFO - 接收到数据: density_client_20250407195533 - 图书馆入口
2025-04-07 19:59:35,671 - INFO - 接收到数据: density_client_20250407195533 - 图书馆入口
2025-04-07 19:59:45,661 - INFO - 接收到数据: density_client_20250407195533 - 图书馆入口
2025-04-07 19:59:55,673 - INFO - 接收到数据: density_client_20250407195533 - 图书馆入口
2025-04-07 20:00:05,668 - INFO - 接收到数据: density_client_20250407195533 - 图书馆入口
2025-04-07 20:00:15,663 - INFO - 接收到数据: density_client_20250407195533 - 图书馆入口
2025-04-07 20:00:25,672 - INFO - 接收到数据: density_client_20250407195533 - 图书馆入口
2025-04-07 20:00:35,674 - INFO - 接收到数据: density_client_20250407195533 - 图书馆入口
2025-04-07 20:00:45,665 - INFO - 接收到数据: density_client_20250407195533 - 图书馆入口
2025-04-07 20:00:55,689 - INFO - 接收到数据: density_client_20250407195533 - 图书馆入口
2025-04-07 20:01:05,684 - INFO - 接收到数据: density_client_20250407195533 - 图书馆入口
2025-04-07 20:01:15,703 - INFO - 接收到数据: density_client_20250407195533 - 图书馆入口
2025-04-07 20:01:25,700 - INFO - 接收到数据: density_client_20250407195533 - 图书馆入口
2025-04-07 20:01:35,698 - INFO - 接收到数据: density_client_20250407195533 - 图书馆入口
2025-04-07 20:01:45,687 - INFO - 接收到数据: density_client_20250407195533 - 图书馆入口
2025-04-07 20:01:55,676 - INFO - 接收到数据: density_client_20250407195533 - 图书馆入口
2025-04-07 20:02:05,674 - INFO - 接收到数据: density_client_20250407195533 - 图书馆入口
2025-04-07 20:02:15,673 - INFO - 接收到数据: density_client_20250407195533 - 图书馆入口
2025-04-07 20:02:25,702 - INFO - 接收到数据: density_client_20250407195533 - 图书馆入口
2025-04-07 20:02:35,714 - INFO - 接收到数据: density_client_20250407195533 - 图书馆入口
2025-04-07 20:02:45,727 - INFO - 接收到数据: density_client_20250407195533 - 图书馆入口
2025-04-07 20:02:55,703 - INFO - 接收到数据: density_client_20250407195533 - 图书馆入口
2025-04-07 20:03:05,727 - INFO - 接收到数据: density_client_20250407195533 - 图书馆入口
2025-04-07 20:03:15,708 - INFO - 接收到数据: density_client_20250407195533 - 图书馆入口
2025-04-07 20:03:25,692 - INFO - 接收到数据: density_client_20250407195533 - 图书馆入口
2025-04-07 20:03:35,719 - INFO - 接收到数据: density_client_20250407195533 - 图书馆入口
2025-04-07 20:03:45,715 - INFO - 接收到数据: density_client_20250407195533 - 图书馆入口
2025-04-07 20:03:55,749 - INFO - 接收到数据: density_client_20250407195533 - 图书馆入口
2025-04-07 20:04:05,706 - INFO - 接收到数据: density_client_20250407195533 - 图书馆入口
2025-04-07 20:04:15,728 - INFO - 接收到数据: density_client_20250407195533 - 图书馆入口
2025-04-07 20:04:25,734 - INFO - 接收到数据: density_client_20250407195533 - 图书馆入口
2025-04-07 20:04:35,715 - INFO - 接收到数据: density_client_20250407195533 - 图书馆入口
2025-04-07 20:04:45,734 - INFO - 接收到数据: density_client_20250407195533 - 图书馆入口
2025-04-07 20:04:55,747 - INFO - 接收到数据: density_client_20250407195533 - 图书馆入口
2025-04-07 20:05:05,722 - INFO - 接收到数据: density_client_20250407195533 - 图书馆入口
2025-04-07 20:05:15,722 - INFO - 接收到数据: density_client_20250407195533 - 图书馆入口
2025-04-07 20:05:25,722 - INFO - 接收到数据: density_client_20250407195533 - 图书馆入口
2025-04-07 20:05:35,734 - INFO - 接收到数据: density_client_20250407195533 - 图书馆入口
2025-04-07 20:05:45,735 - INFO - 接收到数据: density_client_20250407195533 - 图书馆入口
2025-04-07 20:05:55,736 - INFO - 接收到数据: density_client_20250407195533 - 图书馆入口
2025-04-07 20:06:05,729 - INFO - 接收到数据: density_client_20250407195533 - 图书馆入口
2025-04-07 20:06:15,721 - INFO - 接收到数据: density_client_20250407195533 - 图书馆入口
2025-04-07 20:06:25,740 - INFO - 接收到数据: density_client_20250407195533 - 图书馆入口
2025-04-07 20:06:30,689 - INFO - 应用关闭中...
2025-04-07 20:06:30,693 - INFO - 成功保存 66 条数据到 density_data\density_data_20250407.json
2025-04-07 20:06:30,693 - INFO - 应用关闭，已保存 66 条数据
2025-04-07 20:06:38,446 - INFO - 应用服务启动...
2025-04-07 20:06:38,701 - INFO - 接收到数据: density_client_20250407200636 - 图书馆入口
2025-04-07 20:06:48,699 - INFO - 接收到数据: density_client_20250407200636 - 图书馆入口
2025-04-07 20:06:58,699 - INFO - 接收到数据: density_client_20250407200636 - 图书馆入口
2025-04-07 20:07:08,696 - INFO - 接收到数据: density_client_20250407200636 - 图书馆入口
2025-04-07 20:07:18,705 - INFO - 接收到数据: density_client_20250407200636 - 图书馆入口
2025-04-07 20:07:28,706 - INFO - 接收到数据: density_client_20250407200636 - 图书馆入口
2025-04-07 20:07:38,714 - INFO - 接收到数据: density_client_20250407200636 - 图书馆入口
2025-04-07 20:07:48,707 - INFO - 接收到数据: density_client_20250407200636 - 图书馆入口
2025-04-07 20:07:58,709 - INFO - 接收到数据: density_client_20250407200636 - 图书馆入口
2025-04-07 20:08:08,705 - INFO - 接收到数据: density_client_20250407200636 - 图书馆入口
2025-04-07 20:08:18,696 - INFO - 接收到数据: density_client_20250407200636 - 图书馆入口
2025-04-07 20:08:28,732 - INFO - 接收到数据: density_client_20250407200636 - 图书馆入口
2025-04-07 20:08:38,718 - INFO - 接收到数据: density_client_20250407200636 - 图书馆入口
2025-04-07 20:08:48,707 - INFO - 接收到数据: density_client_20250407200636 - 图书馆入口
2025-04-07 20:08:58,703 - INFO - 接收到数据: density_client_20250407200636 - 图书馆入口
2025-04-07 20:09:08,722 - INFO - 接收到数据: density_client_20250407200636 - 图书馆入口
2025-04-07 20:09:18,701 - INFO - 接收到数据: density_client_20250407200636 - 图书馆入口
2025-04-07 20:09:28,706 - INFO - 接收到数据: density_client_20250407200636 - 图书馆入口
2025-04-07 20:09:38,736 - INFO - 接收到数据: density_client_20250407200636 - 图书馆入口
2025-04-07 20:09:48,724 - INFO - 接收到数据: density_client_20250407200636 - 图书馆入口
2025-04-07 20:09:58,719 - INFO - 接收到数据: density_client_20250407200636 - 图书馆入口
2025-04-07 20:10:08,733 - INFO - 接收到数据: density_client_20250407200636 - 图书馆入口
2025-04-07 20:10:18,718 - INFO - 接收到数据: density_client_20250407200636 - 图书馆入口
2025-04-07 20:10:28,723 - INFO - 接收到数据: density_client_20250407200636 - 图书馆入口
2025-04-07 20:10:38,707 - INFO - 接收到数据: density_client_20250407200636 - 图书馆入口
2025-04-07 20:10:48,739 - INFO - 接收到数据: density_client_20250407200636 - 图书馆入口
2025-04-07 20:10:55,753 - INFO - 应用关闭中...
2025-04-07 20:10:55,758 - INFO - 成功保存 26 条数据到 density_data\density_data_20250407.json
2025-04-07 20:10:55,758 - INFO - 应用关闭，已保存 26 条数据
2025-04-07 20:11:21,222 - INFO - 应用服务启动...
2025-04-07 20:11:21,422 - WARNING - Compiled the loaded model, but the compiled metrics have yet to be built. `model.compile_metrics` will be empty until you train or evaluate the model.
2025-04-07 20:11:21,425 - INFO - 成功加载模型: Model\models\density_lstm_model.h5
2025-04-07 20:11:21,425 - INFO - 预测模型已成功加载
2025-04-07 20:11:21,569 - INFO - 接收到数据: density_client_20250407201117 - 图书馆入口
2025-04-07 20:11:28,754 - WARNING - 没有找到符合条件的数据
2025-04-07 20:11:28,754 - ERROR - 数据不足，无法进行预测
2025-04-07 20:11:30,024 - INFO - 接收到数据: density_client_20250407201117 - 图书馆入口
2025-04-07 20:11:30,744 - WARNING - 没有找到符合条件的数据
2025-04-07 20:11:30,745 - ERROR - 数据不足，无法进行预测
2025-04-07 20:11:40,032 - INFO - 接收到数据: density_client_20250407201117 - 图书馆入口
2025-04-07 20:11:50,031 - INFO - 接收到数据: density_client_20250407201117 - 图书馆入口
2025-04-07 20:12:00,029 - INFO - 接收到数据: density_client_20250407201117 - 图书馆入口
2025-04-07 20:12:10,054 - INFO - 接收到数据: density_client_20250407201117 - 图书馆入口
2025-04-07 20:12:20,061 - INFO - 接收到数据: density_client_20250407201117 - 图书馆入口
2025-04-07 20:12:30,048 - INFO - 接收到数据: density_client_20250407201117 - 图书馆入口
2025-04-07 20:12:40,033 - INFO - 接收到数据: density_client_20250407201117 - 图书馆入口
2025-04-07 20:12:50,075 - INFO - 接收到数据: density_client_20250407201117 - 图书馆入口
2025-04-07 20:13:00,014 - INFO - 接收到数据: density_client_20250407201117 - 图书馆入口
2025-04-07 20:13:10,025 - INFO - 接收到数据: density_client_20250407201117 - 图书馆入口
2025-04-07 20:13:20,604 - INFO - 接收到数据: density_client_20250407201117 - 图书馆入口
2025-04-07 20:13:30,579 - INFO - 接收到数据: density_client_20250407201117 - 图书馆入口
2025-04-07 20:13:40,582 - INFO - 接收到数据: density_client_20250407201117 - 图书馆入口
2025-04-07 20:13:50,581 - INFO - 接收到数据: density_client_20250407201117 - 图书馆入口
2025-04-07 20:14:00,626 - INFO - 接收到数据: density_client_20250407201117 - 图书馆入口
2025-04-07 20:14:10,646 - INFO - 接收到数据: density_client_20250407201117 - 图书馆入口
2025-04-07 20:14:20,606 - INFO - 接收到数据: density_client_20250407201117 - 图书馆入口
2025-04-07 20:14:30,590 - INFO - 接收到数据: density_client_20250407201117 - 图书馆入口
2025-04-07 20:14:40,615 - INFO - 接收到数据: density_client_20250407201117 - 图书馆入口
2025-04-07 20:14:50,574 - INFO - 接收到数据: density_client_20250407201117 - 图书馆入口
2025-04-07 20:15:00,591 - INFO - 接收到数据: density_client_20250407201117 - 图书馆入口
2025-04-07 20:15:10,584 - INFO - 接收到数据: density_client_20250407201117 - 图书馆入口
2025-04-07 20:15:20,592 - INFO - 接收到数据: density_client_20250407201117 - 图书馆入口
2025-04-07 20:15:30,594 - INFO - 接收到数据: density_client_20250407201117 - 图书馆入口
2025-04-07 20:15:40,635 - INFO - 接收到数据: density_client_20250407201117 - 图书馆入口
2025-04-07 20:15:50,591 - INFO - 接收到数据: density_client_20250407201117 - 图书馆入口
2025-04-07 20:16:00,604 - INFO - 接收到数据: density_client_20250407201117 - 图书馆入口
2025-04-07 20:16:10,582 - INFO - 接收到数据: density_client_20250407201117 - 图书馆入口
2025-04-07 20:16:20,596 - INFO - 接收到数据: density_client_20250407201117 - 图书馆入口
2025-04-07 20:16:30,614 - INFO - 接收到数据: density_client_20250407201117 - 图书馆入口
2025-04-07 20:16:40,708 - INFO - 接收到数据: density_client_20250407201117 - 图书馆入口
2025-04-07 20:16:50,589 - INFO - 接收到数据: density_client_20250407201117 - 图书馆入口
2025-04-07 20:17:00,596 - INFO - 接收到数据: density_client_20250407201117 - 图书馆入口
2025-04-07 20:17:10,604 - INFO - 接收到数据: density_client_20250407201117 - 图书馆入口
2025-04-07 20:17:20,612 - INFO - 接收到数据: density_client_20250407201117 - 图书馆入口
2025-04-07 20:17:30,584 - INFO - 接收到数据: density_client_20250407201117 - 图书馆入口
2025-04-07 20:17:40,622 - INFO - 接收到数据: density_client_20250407201117 - 图书馆入口
2025-04-07 20:17:50,618 - INFO - 接收到数据: density_client_20250407201117 - 图书馆入口
2025-04-07 20:18:00,580 - INFO - 接收到数据: density_client_20250407201117 - 图书馆入口
2025-04-07 20:18:10,562 - INFO - 接收到数据: density_client_20250407201117 - 图书馆入口
2025-04-07 20:18:20,611 - INFO - 接收到数据: density_client_20250407201117 - 图书馆入口
2025-04-07 20:18:30,592 - INFO - 接收到数据: density_client_20250407201117 - 图书馆入口
2025-04-07 20:18:40,670 - INFO - 接收到数据: density_client_20250407201117 - 图书馆入口
2025-04-07 20:18:50,604 - INFO - 接收到数据: density_client_20250407201117 - 图书馆入口
2025-04-07 20:19:00,600 - INFO - 接收到数据: density_client_20250407201117 - 图书馆入口
2025-04-07 20:19:10,591 - INFO - 接收到数据: density_client_20250407201117 - 图书馆入口
2025-04-07 20:19:20,628 - INFO - 接收到数据: density_client_20250407201117 - 图书馆入口
2025-04-07 20:19:30,600 - INFO - 接收到数据: density_client_20250407201117 - 图书馆入口
2025-04-07 20:19:40,589 - INFO - 接收到数据: density_client_20250407201117 - 图书馆入口
2025-04-07 20:19:50,621 - INFO - 接收到数据: density_client_20250407201117 - 图书馆入口
2025-04-07 20:20:00,619 - INFO - 接收到数据: density_client_20250407201117 - 图书馆入口
2025-04-07 20:20:10,606 - INFO - 接收到数据: density_client_20250407201117 - 图书馆入口
2025-04-07 20:20:20,572 - INFO - 接收到数据: density_client_20250407201117 - 图书馆入口
2025-04-07 20:20:30,568 - INFO - 接收到数据: density_client_20250407201117 - 图书馆入口
2025-04-07 20:20:40,649 - INFO - 接收到数据: density_client_20250407201117 - 图书馆入口
2025-04-07 20:20:50,593 - INFO - 接收到数据: density_client_20250407201117 - 图书馆入口
2025-04-07 20:21:00,618 - INFO - 接收到数据: density_client_20250407201117 - 图书馆入口
2025-04-07 20:21:10,606 - INFO - 接收到数据: density_client_20250407201117 - 图书馆入口
2025-04-07 20:21:20,596 - INFO - 接收到数据: density_client_20250407201117 - 图书馆入口
2025-04-07 20:21:30,602 - INFO - 接收到数据: density_client_20250407201117 - 图书馆入口
2025-04-07 20:21:40,599 - INFO - 接收到数据: density_client_20250407201117 - 图书馆入口
2025-04-07 20:21:50,608 - INFO - 接收到数据: density_client_20250407201117 - 图书馆入口
2025-04-07 20:22:00,646 - INFO - 接收到数据: density_client_20250407201117 - 图书馆入口
2025-04-07 20:22:10,574 - INFO - 接收到数据: density_client_20250407201117 - 图书馆入口
2025-04-07 20:22:20,610 - INFO - 接收到数据: density_client_20250407201117 - 图书馆入口
2025-04-07 20:22:30,583 - INFO - 接收到数据: density_client_20250407201117 - 图书馆入口
2025-04-07 20:22:40,664 - INFO - 接收到数据: density_client_20250407201117 - 图书馆入口
2025-04-07 20:22:50,586 - INFO - 接收到数据: density_client_20250407201117 - 图书馆入口
2025-04-07 20:23:00,602 - INFO - 接收到数据: density_client_20250407201117 - 图书馆入口
2025-04-07 20:23:10,591 - INFO - 接收到数据: density_client_20250407201117 - 图书馆入口
2025-04-07 20:23:20,592 - INFO - 接收到数据: density_client_20250407201117 - 图书馆入口
2025-04-07 20:23:30,613 - INFO - 接收到数据: density_client_20250407201117 - 图书馆入口
2025-04-07 20:23:40,622 - INFO - 接收到数据: density_client_20250407201117 - 图书馆入口
2025-04-07 20:23:50,597 - INFO - 接收到数据: density_client_20250407201117 - 图书馆入口
2025-04-07 20:23:59,981 - INFO - 应用关闭中...
2025-04-07 20:23:59,990 - INFO - 成功保存 76 条数据到 density_data\density_data_20250407.json
2025-04-07 20:23:59,990 - INFO - 应用关闭，已保存 76 条数据
