2025-04-15 15:19:48,387 - INFO - 估计人流密度: 0.0000 人/m², 预计人数: 0.0
2025-04-15 15:19:48,387 - INFO - 正在发送数据到 http://localhost:5000/api/density...
2025-04-15 15:19:50,424 - INFO - 数据发送成功!
2025-04-15 15:19:58,388 - INFO - 估计人流密度: 0.0000 人/m², 预计人数: 0.0
2025-04-15 15:19:58,388 - INFO - 正在发送数据到 http://localhost:5000/api/density...
2025-04-15 15:20:00,469 - INFO - 数据发送成功!
2025-04-15 15:20:08,389 - INFO - 估计人流密度: 0.0000 人/m², 预计人数: 0.0
2025-04-15 15:20:08,389 - INFO - 正在发送数据到 http://localhost:5000/api/density...
2025-04-15 15:20:10,457 - INFO - 数据发送成功!
2025-04-15 15:20:18,390 - INFO - 估计人流密度: 0.0000 人/m², 预计人数: 0.0
2025-04-15 15:20:18,390 - INFO - 正在发送数据到 http://localhost:5000/api/density...
2025-04-15 15:20:20,453 - INFO - 数据发送成功!
2025-04-16 11:02:07,914 - INFO - 开始人流密度监测
2025-04-16 11:02:07,914 - INFO - 监测区域: 图书馆入口, 面积: 200.0 平方米
2025-04-16 11:02:07,914 - INFO - 服务器地址: http://localhost:5000/api/density
2025-04-16 11:02:07,914 - INFO - 发送间隔: 10.0 秒
2025-04-16 11:02:07,914 - INFO - 将持续运行直到手动中断
2025-04-16 11:02:07,916 - INFO - 估计人流密度: 0.0000 人/m², 预计人数: 0.0
2025-04-16 11:02:07,916 - INFO - 正在发送数据到 http://localhost:5000/api/density...
2025-04-16 11:02:12,005 - ERROR - HTTP请求错误: HTTPConnectionPool(host='localhost', port=5000): Max retries exceeded with url: /api/density (Caused by NewConnectionError('<urllib3.connection.HTTPConnection object at 0x00000188776DF1A0>: Failed to establish a new connection: [WinError 10061] 由于目标计算机积极拒绝，无法连接。'))
2025-04-16 11:02:17,916 - INFO - 估计人流密度: 0.0000 人/m², 预计人数: 0.0
2025-04-16 11:02:17,916 - INFO - 正在发送数据到 http://localhost:5000/api/density...
2025-04-16 11:02:19,960 - INFO - 数据发送成功!
